Log file open, 07/08/17 10:56:26
LogInit:Display: Running engine for game: Fortress
LogPlatformFile: Not using cached read wrapper
LogInit:Display: RandInit(1037777925) SRandInit(1037777925).
LogTaskGraph: Started task graph with 5 named threads and 8 total threads with 1 sets of task threads.
LogStats: Stats thread started at 0.092264
LogInit: Using libcurl 7.47.1
LogInit:  - built for x86_64-pc-win32
LogInit:  - supports SSL with OpenSSL/1.0.2g
LogInit:  - supports HTTP deflate (compression) using libz 1.2.8
LogInit:  - other features:
LogInit:      CURL_VERSION_SSL
LogInit:      CURL_VERSION_LIBZ
LogInit:      CURL_VERSION_IPV6
LogInit:      CURL_VERSION_ASYNCHDNS
LogInit:      CURL_VERSION_LARGEFILE
LogInit:      CURL_VERSION_IDN
LogInit:  CurlRequestOptions (configurable via config and command line):
LogInit:  - bVerifyPeer = false  - Libcurl will NOT verify peer certificate
LogInit:  - bUseHttpProxy = false  - Libcurl will NOT use HTTP proxy
LogInit:  - bDontReuseConnections = false  - Libcurl will reuse connections
LogInit:  - CertBundlePath = nullptr  - Libcurl will use whatever was configured at build time.
LogInit: Build: ++UE4+Release-4.16-CL-3514769
LogInit: Engine Version: 4.16.2-3514769+++UE4+Release-4.16
LogInit: Compatible Engine Version: 4.16.0-3452394+++UE4+Release-4.16
LogInit: Net CL: 3452394
LogDevObjectVersion: Number of dev versions registered: 16
LogDevObjectVersion:   Dev-Blueprints (B0D832E4-1F89-4F0D-ACCF-7EB736FD4AA2): 9
LogDevObjectVersion:   Dev-Build (E1C64328-A22C-4D53-A36C-8E866417BD8C): 0
LogDevObjectVersion:   Dev-Core (375EC13C-06E4-48FB-B500-84F0262A717E): 2
LogDevObjectVersion:   Dev-Editor (E4B068ED-F494-42E9-A231-DA0B2E46BB41): 17
LogDevObjectVersion:   Dev-Framework (CFFC743F-43B0-4480-9391-14DF171D2073): 23
LogDevObjectVersion:   Dev-Mobile (B02B49B5-BB20-44E9-A304-32B752E40360): 0
LogDevObjectVersion:   Dev-Networking (A4E4105C-59A1-49B5-A7C5-40C4547EDFEE): 0
LogDevObjectVersion:   Dev-Online (39C831C9-5AE6-47DC-9A44-9C173E1C8E7C): 0
LogDevObjectVersion:   Dev-Physics (78F01B33-EBEA-4F98-B9B4-84EACCB95AA2): 0
LogDevObjectVersion:   Dev-Platform (6631380F-2D4D-43E0-8009-CF276956A95A): 0
LogDevObjectVersion:   Dev-Rendering (12F88B9F-8875-4AFC-A67C-D90C383ABD29): 15
LogDevObjectVersion:   Dev-Sequencer (7B5AE74C-D270-4C10-A958-57980B212A5A): 4
LogDevObjectVersion:   Dev-VR (D7296918-1DD6-4BDD-9DE2-64A83CC13884): 0
LogDevObjectVersion:   Dev-LoadTimes (C2A15278-BFE7-4AFE-6C17-90FF531DF755): 1
LogDevObjectVersion:   Private-Geometry (6EACA3D4-40EC-4CC1-B786-8BED09428FC5): 1
LogDevObjectVersion:   Dev-AnimPhys (29E575DD-E0A3-4627-9D10-D276232CDCEA): 3
LogInit: Compiled (64-bit): Jun 29 2017 02:03:24
LogInit: Compiled with Visual C++: 19.00.24215.01
LogInit: Build Configuration: Development
LogInit: Branch Name: ++UE4+Release-4.16
LogInit: Command line: -EpicPortal 
LogInit: Base directory: C:/Program Files/Epic Games/UE_4.16/Engine/Binaries/Win64/
LogInit: Installed Engine Build: 1
LogInit: Presizing for max 8388607 objects, including 0 objects not considered by GC, pre-allocating 0 bytes for permanent pool.
LogInit: Object subsystem initialized
[2017.07.08-09.56.27:419][  0]LogInit: Selected Device Profile: [Windows]
[2017.07.08-09.56.27:419][  0]LogInit: Applying CVar settings loaded from the selected device profile: [Windows]
[2017.07.08-09.56.27:428][  0]LogInit: Computer: DESKTOP-V7ENCGS
[2017.07.08-09.56.27:428][  0]LogInit: User: miles
[2017.07.08-09.56.27:428][  0]LogInit: CPU Page size=4096, Cores=4
[2017.07.08-09.56.27:428][  0]LogInit: High frequency timer resolution =3.117789 MHz
[2017.07.08-09.56.27:429][  0]LogMemory: Memory total: Physical=15.9GB (16GB approx)
[2017.07.08-09.56.27:429][  0]LogMemory: Platform Memory Stats for Windows
[2017.07.08-09.56.27:429][  0]LogMemory: Process Physical Memory: 271.94 MB used, 271.94 MB peak
[2017.07.08-09.56.27:429][  0]LogMemory: Process Virtual Memory: 258.86 MB used, 258.86 MB peak
[2017.07.08-09.56.27:429][  0]LogMemory: Physical Memory: 6405.62 MB used,  9868.45 MB free, 16274.07 MB total
[2017.07.08-09.56.27:429][  0]LogMemory: Virtual Memory: 635.39 MB used,  9868.45 MB free, 134217728.00 MB total
[2017.07.08-09.56.27:504][  0]LogInit: Using OS detected language (en-GB).
[2017.07.08-09.56.27:504][  0]LogInit: Using OS detected locale (en-GB).
[2017.07.08-09.56.27:507][  0]LogTextLocalizationManager: No specific localization for 'en-GB' exists, so the 'en' localization will be used.
[2017.07.08-09.56.28:533][  0]LogD3D11RHI: D3D11 adapters:
[2017.07.08-09.56.29:147][  0]LogD3D11RHI:    0. 'NVIDIA GeForce GTX 1080 Ti' (Feature Level 11_0)
[2017.07.08-09.56.29:147][  0]LogD3D11RHI:       11158/0/8137 MB DedicatedVideo/DedicatedSystem/SharedSystem, Outputs:1, VendorId:0x10de
[2017.07.08-09.56.29:154][  0]LogD3D11RHI:    1. 'Intel(R) HD Graphics 4600' (Feature Level 11_0)
[2017.07.08-09.56.29:154][  0]LogD3D11RHI:       112/0/2048 MB DedicatedVideo/DedicatedSystem/SharedSystem, Outputs:0, VendorId:0x8086
[2017.07.08-09.56.29:155][  0]LogD3D11RHI:    2. 'Microsoft Basic Render Driver' (Feature Level 11_0)
[2017.07.08-09.56.29:155][  0]LogD3D11RHI:       0/0/8137 MB DedicatedVideo/DedicatedSystem/SharedSystem, Outputs:0, VendorId:0x1414
[2017.07.08-09.56.29:155][  0]LogD3D11RHI: Chosen D3D11 Adapter: 0
[2017.07.08-09.56.29:160][  0]LogD3D11RHI: Creating new Direct3DDevice
[2017.07.08-09.56.29:160][  0]LogD3D11RHI:     GPU DeviceId: 0x1b06 (for the marketing name, search the web for "GPU Device Id")
[2017.07.08-09.56.29:160][  0]LogWindows: EnumDisplayDevices:
[2017.07.08-09.56.29:160][  0]LogWindows:    0. 'NVIDIA GeForce GTX 1080 Ti' (P:1 D:1)
[2017.07.08-09.56.29:160][  0]LogWindows:    1. 'NVIDIA GeForce GTX 1080 Ti' (P:0 D:0)
[2017.07.08-09.56.29:160][  0]LogWindows:    2. 'NVIDIA GeForce GTX 1080 Ti' (P:0 D:0)
[2017.07.08-09.56.29:161][  0]LogWindows:    3. 'NVIDIA GeForce GTX 1080 Ti' (P:0 D:0)
[2017.07.08-09.56.29:161][  0]LogWindows:    4. 'Intel(R) HD Graphics 4600' (P:0 D:0)
[2017.07.08-09.56.29:161][  0]LogWindows:    5. 'Intel(R) HD Graphics 4600' (P:0 D:0)
[2017.07.08-09.56.29:161][  0]LogWindows:    6. 'Intel(R) HD Graphics 4600' (P:0 D:0)
[2017.07.08-09.56.29:161][  0]LogWindows: DebugString: PrimaryIsNotTheChoosenAdapter PrimaryIsNotTheChoosenAdapter PrimaryIsNotTheChoosenAdapter FoundDriverCount:4 
[2017.07.08-09.56.29:161][  0]LogD3D11RHI:     Adapter Name: NVIDIA GeForce GTX 1080 Ti
[2017.07.08-09.56.29:161][  0]LogD3D11RHI:   Driver Version: 382.53 (internal:22.21.13.8253, unified:382.53)
[2017.07.08-09.56.29:161][  0]LogD3D11RHI:      Driver Date: 6-7-2017
[2017.07.08-09.56.29:161][  0]LogRHI: Texture pool is 1361 MB (70% of 1945 MB)
[2017.07.08-09.56.29:737][  0]LogD3D11RHI: Async texture creation enabled
[2017.07.08-09.56.29:781][  0]LogD3D11RHI: GPU Timing Frequency: 1000.000000 (Debug: 2 1)
[2017.07.08-09.56.29:833][  0]LogShaderCompilers: Guid format shader working directory is -27 characters bigger than the processId version (../../../../../../Users/miles/Documents/FortressUnreal/Fortress/Fortress/Intermediate/Shaders/WorkingDirectory/11584/).
[2017.07.08-09.56.29:833][  0]LogShaderCompilers: Cleaned the shader compiler working directory 'C:/Users/miles/AppData/Local/Temp/UnrealShaderWorkingDir/A333BFC446978CCEEDD65DB4220B8722/'.
[2017.07.08-09.56.29:833][  0]LogShaderCompilers:Display: Using Local Shader Compiler.
[2017.07.08-09.56.30:923][  0]LogTemp:Display: Loaded TP AllDesktopTargetPlatform
[2017.07.08-09.56.30:976][  0]LogTemp:Display: Loaded TP MacClientTargetPlatform
[2017.07.08-09.56.31:027][  0]LogTemp:Display: Loaded TP MacNoEditorTargetPlatform
[2017.07.08-09.56.31:077][  0]LogTemp:Display: Loaded TP MacServerTargetPlatform
[2017.07.08-09.56.31:129][  0]LogTemp:Display: Loaded TP MacTargetPlatform
[2017.07.08-09.56.31:178][  0]LogTemp:Display: Loaded TP WindowsClientTargetPlatform
[2017.07.08-09.56.31:243][  0]LogTemp:Display: Loaded TP WindowsNoEditorTargetPlatform
[2017.07.08-09.56.31:298][  0]LogTemp:Display: Loaded TP WindowsServerTargetPlatform
[2017.07.08-09.56.31:345][  0]LogTemp:Display: Loaded TP WindowsTargetPlatform
[2017.07.08-09.56.31:398][  0]LogTemp:Display: Loaded TP AndroidTargetPlatform
[2017.07.08-09.56.31:449][  0]LogTemp:Display: Loaded TP Android_ASTCTargetPlatform
[2017.07.08-09.56.31:507][  0]LogTemp:Display: Loaded TP Android_ATCTargetPlatform
[2017.07.08-09.56.31:567][  0]LogTemp:Display: Loaded TP Android_DXTTargetPlatform
[2017.07.08-09.56.31:622][  0]LogTemp:Display: Loaded TP Android_ETC1TargetPlatform
[2017.07.08-09.56.31:677][  0]LogTemp:Display: Loaded TP Android_ETC2TargetPlatform
[2017.07.08-09.56.31:791][  0]LogTemp:Display: Loaded TP Android_MultiTargetPlatform
[2017.07.08-09.56.31:791][  0]LogTemp:Display: Loaded TP Android_PVRTCTargetPlatform
[2017.07.08-09.56.31:839][  0]LogTemp:Display: Loaded TP HTML5TargetPlatform
[2017.07.08-09.56.31:936][  0]LogTemp:Display: Loaded TP IOSTargetPlatform
[2017.07.08-09.56.31:967][  0]LogTemp:Display: Loaded TP TVOSTargetPlatform
[2017.07.08-09.56.32:019][  0]LogTemp:Display: Loaded TP LinuxClientTargetPlatform
[2017.07.08-09.56.32:069][  0]LogTemp:Display: Loaded TP LinuxNoEditorTargetPlatform
[2017.07.08-09.56.32:118][  0]LogTemp:Display: Loaded TP LinuxServerTargetPlatform
[2017.07.08-09.56.32:167][  0]LogTemp:Display: Loaded TP LinuxTargetPlatform
[2017.07.08-09.56.32:167][  0]LogTargetPlatformManager:Display: Building Assets For Windows
[2017.07.08-09.56.32:675][  0]LogDerivedDataCache:Display: Max Cache Size: 512 MB
[2017.07.08-09.56.32:773][  0]LogDerivedDataCache: Loaded boot cache 0.10s 90MB C:/Users/miles/AppData/Local/UnrealEngine/4.16/DerivedDataCache/Boot.ddc.
[2017.07.08-09.56.32:773][  0]LogDerivedDataCache:Display: Loaded Boot cache: C:/Users/miles/AppData/Local/UnrealEngine/4.16/DerivedDataCache/Boot.ddc
[2017.07.08-09.56.32:773][  0]LogDerivedDataCache: FDerivedDataBackendGraph:  Pak pak cache file ../../../../../../Users/miles/Documents/FortressUnreal/Fortress/Fortress/DerivedDataCache/DDC.ddp not found, will not use a pak cache.
[2017.07.08-09.56.32:773][  0]LogDerivedDataCache: Unable to find inner node Pak for hierarchical cache Hierarchy.
[2017.07.08-09.56.32:773][  0]LogDerivedDataCache: FDerivedDataBackendGraph:  CompressedPak pak cache file ../../../../../../Users/miles/Documents/FortressUnreal/Fortress/Fortress/DerivedDataCache/Compressed.ddp not found, will not use a pak cache.
[2017.07.08-09.56.32:773][  0]LogDerivedDataCache: Unable to find inner node CompressedPak for hierarchical cache Hierarchy.
[2017.07.08-09.56.32:792][  0]LogDerivedDataCache:Display: Pak cache opened for reading ../../../Engine/DerivedDataCache/Compressed.ddp.
[2017.07.08-09.56.32:804][  0]LogDerivedDataCache: Using Local data cache path C:/Users/miles/AppData/Local/UnrealEngine/Common/DerivedDataCache: Writable
[2017.07.08-09.56.32:814][  0]LogMaterial: Verifying Global Shaders for PCD3D_SM5
[2017.07.08-09.56.32:814][  0]LogSlate: Using Freetype 2.6.0
[2017.07.08-09.56.32:815][  0]LogSlate: SlateFontCache - WITH_FREETYPE: 1, WITH_HARFBUZZ: 1
[2017.07.08-09.56.32:815][  0]LogSlate: SlateFontCache - WITH_FREETYPE: 1, WITH_HARFBUZZ: 1
[2017.07.08-09.56.33:126][  0]LogInit: Selected Device Profile: [Windows]
[2017.07.08-09.56.33:201][  0]LogContentStreaming: Texture pool size is 0.00 MB
[2017.07.08-09.56.33:357][  0]LogMeshUtilities: Using QuadricMeshReduction for automatic static mesh reduction
[2017.07.08-09.56.33:401][  0]LogSimplygon: Simplygon DLL not present - disabling.
[2017.07.08-09.56.33:444][  0]LogMeshUtilities: Using SimplygonSwarm for distributed automatic mesh merging
[2017.07.08-09.56.33:445][  0]LogMeshUtilities: No automatic skeletal mesh reduction module available
[2017.07.08-09.56.33:445][  0]LogMeshUtilities: No automatic mesh merging module available
[2017.07.08-09.56.33:994][  0]LogNetVersion: Fortress , NetCL: 3452394, EngineNetVer: 2, GameNetVer: 0 (Checksum: 357817033)
[2017.07.08-09.56.34:055][  0]LogAssetRegistry: FAssetRegistry took 0.0259 seconds to start up
[2017.07.08-09.56.34:112][  0]LogPackageLocalizationCache: Processed 4 localized package path(s) for 2 prioritized culture(s) in 0.033922 seconds
[2017.07.08-09.56.34:118][  0]LogUObjectArray: 34194 objects as part of root set at end of initial load.
[2017.07.08-09.56.34:118][  0]LogUObjectAllocator: 7260424 out of 0 bytes used by permanent object pool.
[2017.07.08-09.56.34:118][  0]LogUObjectArray: CloseDisregardForGC: 0/0 objects in disregard for GC pool
[2017.07.08-09.56.34:181][  0]LogInit: WinSock: version 1.1 (2.2), MaxSocks=32767, MaxUdp=65467
[2017.07.08-09.56.36:495][  0]LogTcpMessaging: Initializing TcpMessaging bridge
[2017.07.08-09.56.36:541][  0]LogUdpMessaging: Initializing bridge on interface 0.0.0.0:0 to multicast group 230.0.0.1:6666.
[2017.07.08-09.56.37:051][  0]LogMaterial: Uniform references updated for custom material expression Custom.
[2017.07.08-09.56.37:445][  0]SourceControl: Info Source control is disabled
[2017.07.08-09.56.37:445][  0]SourceControl: Info Source control is disabled
[2017.07.08-09.56.37:490][  0]SourceControl: Info Source control is disabled
[2017.07.08-09.56.37:537][  0]SourceControl: Info Source control is disabled
[2017.07.08-09.56.38:178][  0]LogAndroidPermission: UAndroidPermissionCallbackProxy::GetInstance
[2017.07.08-09.56.38:740][  0]LogEngine: Initializing Engine...
[2017.07.08-09.56.38:740][  0]LogHMD: Failed to initialize OpenVR with code 110
[2017.07.08-09.56.38:956][  0]LogStats: UGameplayTagsManager::ConstructGameplayTagTree: Construct from data asset -  0.000 s
[2017.07.08-09.56.38:956][  0]LogStats: UGameplayTagsManager::ConstructGameplayTagTree: GameplayTagTreeChangedEvent.Broadcast -  0.000 s
[2017.07.08-09.56.39:080][  0]LogAIModule: Creating AISystem for world Untitled
[2017.07.08-09.56.39:089][  0]LogInit: XAudio2 using 'Speakers (Sound Blaster Recon3Di)' : 2 channels at 48 kHz using 32 bits per sample (channel mask 0x3)
[2017.07.08-09.56.39:099][  0]LogInit: FAudioDevice initialized.
[2017.07.08-09.56.39:147][  0]LogDerivedDataCache: Saved boot cache 0.05s 90MB C:/Users/miles/AppData/Local/UnrealEngine/4.16/DerivedDataCache/Boot.ddc.
[2017.07.08-09.56.39:161][  0]LogInit: Texture streaming: Enabled
[2017.07.08-09.56.39:252][  0]LogEngineSessionManager: EngineSessionManager initialized
[2017.07.08-09.56.39:459][  0]LogInit: Transaction tracking system initialized
[2017.07.08-09.56.39:763][  0]BlueprintLog: New page: Editor Load
[2017.07.08-09.56.40:730][  0]LocalizationService: Info Localization service is disabled
[2017.07.08-09.56.41:400][  0]LogConsoleResponse:Display: 
[2017.07.08-09.56.41:542][  0]LogCook:Display: Max memory allowance for cook 16384mb min free memory 0mb
[2017.07.08-09.56.41:542][  0]LogCook:Display: Mobile HDR setting 1
[2017.07.08-09.56.41:677][  0]LogFileCache: Scanning file cache for directory 'C:/Users/miles/Documents/FortressUnreal/Fortress/Fortress/Content/' took 0.01s
[2017.07.08-09.56.42:533][  0]SourceControl: Info Source control is disabled
[2017.07.08-09.56.42:536][  0]LogFactory: FactoryCreateFile: PackFactory with PackFactory (0 0 C:/Program Files/Epic Games/UE_4.16/FeaturePacks/StarterContent.upack)
[2017.07.08-09.56.42:551][  0]LogPackFactory: Finished extracting 8 files (including 0 errors).
[2017.07.08-09.56.42:560][  0]LogPackFactory: Copied "../../../Samples/StarterContent/Content/StarterContent/Architecture/Floor_400x400.uasset" to "../../../../../../Users/miles/Documents/FortressUnreal/Fortress/Fortress/Content/StarterContent/Architecture/Floor_400x400.uasset"
[2017.07.08-09.56.42:568][  0]LogPackFactory: Copied "../../../Samples/StarterContent/Content/StarterContent/Architecture/Pillar_50x500.uasset" to "../../../../../../Users/miles/Documents/FortressUnreal/Fortress/Fortress/Content/StarterContent/Architecture/Pillar_50x500.uasset"
[2017.07.08-09.56.42:577][  0]LogPackFactory: Copied "../../../Samples/StarterContent/Content/StarterContent/Architecture/SM_AssetPlatform.uasset" to "../../../../../../Users/miles/Documents/FortressUnreal/Fortress/Fortress/Content/StarterContent/Architecture/SM_AssetPlatform.uasset"
[2017.07.08-09.56.42:585][  0]LogPackFactory: Copied "../../../Samples/StarterContent/Content/StarterContent/Architecture/Wall_400x200.uasset" to "../../../../../../Users/miles/Documents/FortressUnreal/Fortress/Fortress/Content/StarterContent/Architecture/Wall_400x200.uasset"
[2017.07.08-09.56.42:592][  0]LogPackFactory: Copied "../../../Samples/StarterContent/Content/StarterContent/Architecture/Wall_400x300.uasset" to "../../../../../../Users/miles/Documents/FortressUnreal/Fortress/Fortress/Content/StarterContent/Architecture/Wall_400x300.uasset"
[2017.07.08-09.56.42:600][  0]LogPackFactory: Copied "../../../Samples/StarterContent/Content/StarterContent/Architecture/Wall_400x400.uasset" to "../../../../../../Users/miles/Documents/FortressUnreal/Fortress/Fortress/Content/StarterContent/Architecture/Wall_400x400.uasset"
[2017.07.08-09.56.42:607][  0]LogPackFactory: Copied "../../../Samples/StarterContent/Content/StarterContent/Architecture/Wall_500x500.uasset" to "../../../../../../Users/miles/Documents/FortressUnreal/Fortress/Fortress/Content/StarterContent/Architecture/Wall_500x500.uasset"
[2017.07.08-09.56.42:614][  0]LogPackFactory: Copied "../../../Samples/StarterContent/Content/StarterContent/Architecture/Wall_Door_400x300.uasset" to "../../../../../../Users/miles/Documents/FortressUnreal/Fortress/Fortress/Content/StarterContent/Architecture/Wall_Door_400x300.uasset"
[2017.07.08-09.56.42:622][  0]LogPackFactory: Copied "../../../Samples/StarterContent/Content/StarterContent/Architecture/Wall_Door_400x400.uasset" to "../../../../../../Users/miles/Documents/FortressUnreal/Fortress/Fortress/Content/StarterContent/Architecture/Wall_Door_400x400.uasset"
[2017.07.08-09.56.42:629][  0]LogPackFactory: Copied "../../../Samples/StarterContent/Content/StarterContent/Architecture/Wall_Window_400x300.uasset" to "../../../../../../Users/miles/Documents/FortressUnreal/Fortress/Fortress/Content/StarterContent/Architecture/Wall_Window_400x300.uasset"
[2017.07.08-09.56.42:637][  0]LogPackFactory: Copied "../../../Samples/StarterContent/Content/StarterContent/Architecture/Wall_Window_400x400.uasset" to "../../../../../../Users/miles/Documents/FortressUnreal/Fortress/Fortress/Content/StarterContent/Architecture/Wall_Window_400x400.uasset"
[2017.07.08-09.56.42:646][  0]LogPackFactory: Copied "../../../Samples/StarterContent/Content/StarterContent/Audio/Collapse01.uasset" to "../../../../../../Users/miles/Documents/FortressUnreal/Fortress/Fortress/Content/StarterContent/Audio/Collapse01.uasset"
[2017.07.08-09.56.42:654][  0]LogPackFactory: Copied "../../../Samples/StarterContent/Content/StarterContent/Audio/Collapse02.uasset" to "../../../../../../Users/miles/Documents/FortressUnreal/Fortress/Fortress/Content/StarterContent/Audio/Collapse02.uasset"
[2017.07.08-09.56.42:659][  0]LogPackFactory: Copied "../../../Samples/StarterContent/Content/StarterContent/Audio/Collapse_Cue.uasset" to "../../../../../../Users/miles/Documents/FortressUnreal/Fortress/Fortress/Content/StarterContent/Audio/Collapse_Cue.uasset"
[2017.07.08-09.56.42:666][  0]LogPackFactory: Copied "../../../Samples/StarterContent/Content/StarterContent/Audio/Explosion01.uasset" to "../../../../../../Users/miles/Documents/FortressUnreal/Fortress/Fortress/Content/StarterContent/Audio/Explosion01.uasset"
[2017.07.08-09.56.42:674][  0]LogPackFactory: Copied "../../../Samples/StarterContent/Content/StarterContent/Audio/Explosion02.uasset" to "../../../../../../Users/miles/Documents/FortressUnreal/Fortress/Fortress/Content/StarterContent/Audio/Explosion02.uasset"
[2017.07.08-09.56.42:679][  0]LogPackFactory: Copied "../../../Samples/StarterContent/Content/StarterContent/Audio/Explosion_Cue.uasset" to "../../../../../../Users/miles/Documents/FortressUnreal/Fortress/Fortress/Content/StarterContent/Audio/Explosion_Cue.uasset"
[2017.07.08-09.56.42:688][  0]LogPackFactory: Copied "../../../Samples/StarterContent/Content/StarterContent/Audio/Fire01.uasset" to "../../../../../../Users/miles/Documents/FortressUnreal/Fortress/Fortress/Content/StarterContent/Audio/Fire01.uasset"
[2017.07.08-09.56.42:692][  0]LogPackFactory: Copied "../../../Samples/StarterContent/Content/StarterContent/Audio/Fire01_Cue.uasset" to "../../../../../../Users/miles/Documents/FortressUnreal/Fortress/Fortress/Content/StarterContent/Audio/Fire01_Cue.uasset"
[2017.07.08-09.56.42:701][  0]LogPackFactory: Copied "../../../Samples/StarterContent/Content/StarterContent/Audio/Fire_Sparks01.uasset" to "../../../../../../Users/miles/Documents/FortressUnreal/Fortress/Fortress/Content/StarterContent/Audio/Fire_Sparks01.uasset"
[2017.07.08-09.56.42:705][  0]LogPackFactory: Copied "../../../Samples/StarterContent/Content/StarterContent/Audio/Fire_Sparks01_Cue.uasset" to "../../../../../../Users/miles/Documents/FortressUnreal/Fortress/Fortress/Content/StarterContent/Audio/Fire_Sparks01_Cue.uasset"
[2017.07.08-09.56.42:714][  0]LogPackFactory: Copied "../../../Samples/StarterContent/Content/StarterContent/Audio/Light01.uasset" to "../../../../../../Users/miles/Documents/FortressUnreal/Fortress/Fortress/Content/StarterContent/Audio/Light01.uasset"
[2017.07.08-09.56.42:718][  0]LogPackFactory: Copied "../../../Samples/StarterContent/Content/StarterContent/Audio/Light01_Cue.uasset" to "../../../../../../Users/miles/Documents/FortressUnreal/Fortress/Fortress/Content/StarterContent/Audio/Light01_Cue.uasset"
[2017.07.08-09.56.42:727][  0]LogPackFactory: Copied "../../../Samples/StarterContent/Content/StarterContent/Audio/Light02.uasset" to "../../../../../../Users/miles/Documents/FortressUnreal/Fortress/Fortress/Content/StarterContent/Audio/Light02.uasset"
[2017.07.08-09.56.42:731][  0]LogPackFactory: Copied "../../../Samples/StarterContent/Content/StarterContent/Audio/Light02_Cue.uasset" to "../../../../../../Users/miles/Documents/FortressUnreal/Fortress/Fortress/Content/StarterContent/Audio/Light02_Cue.uasset"
[2017.07.08-09.56.42:740][  0]LogPackFactory: Copied "../../../Samples/StarterContent/Content/StarterContent/Audio/Smoke01.uasset" to "../../../../../../Users/miles/Documents/FortressUnreal/Fortress/Fortress/Content/StarterContent/Audio/Smoke01.uasset"
[2017.07.08-09.56.42:744][  0]LogPackFactory: Copied "../../../Samples/StarterContent/Content/StarterContent/Audio/Smoke01_Cue.uasset" to "../../../../../../Users/miles/Documents/FortressUnreal/Fortress/Fortress/Content/StarterContent/Audio/Smoke01_Cue.uasset"
[2017.07.08-09.56.42:751][  0]LogPackFactory: Copied "../../../Samples/StarterContent/Content/StarterContent/Audio/Starter_Background_Cue.uasset" to "../../../../../../Users/miles/Documents/FortressUnreal/Fortress/Fortress/Content/StarterContent/Audio/Starter_Background_Cue.uasset"
[2017.07.08-09.56.42:765][  0]LogPackFactory: Copied "../../../Samples/StarterContent/Content/StarterContent/Audio/Starter_Birds01.uasset" to "../../../../../../Users/miles/Documents/FortressUnreal/Fortress/Fortress/Content/StarterContent/Audio/Starter_Birds01.uasset"
[2017.07.08-09.56.42:794][  0]LogPackFactory: Copied "../../../Samples/StarterContent/Content/StarterContent/Audio/Starter_Music01.uasset" to "../../../../../../Users/miles/Documents/FortressUnreal/Fortress/Fortress/Content/StarterContent/Audio/Starter_Music01.uasset"
[2017.07.08-09.56.42:799][  0]LogPackFactory: Copied "../../../Samples/StarterContent/Content/StarterContent/Audio/Starter_Music_Cue.uasset" to "../../../../../../Users/miles/Documents/FortressUnreal/Fortress/Fortress/Content/StarterContent/Audio/Starter_Music_Cue.uasset"
[2017.07.08-09.56.42:812][  0]LogPackFactory: Copied "../../../Samples/StarterContent/Content/StarterContent/Audio/Starter_Wind05.uasset" to "../../../../../../Users/miles/Documents/FortressUnreal/Fortress/Fortress/Content/StarterContent/Audio/Starter_Wind05.uasset"
[2017.07.08-09.56.42:825][  0]LogPackFactory: Copied "../../../Samples/StarterContent/Content/StarterContent/Audio/Starter_Wind06.uasset" to "../../../../../../Users/miles/Documents/FortressUnreal/Fortress/Fortress/Content/StarterContent/Audio/Starter_Wind06.uasset"
[2017.07.08-09.56.42:834][  0]LogPackFactory: Copied "../../../Samples/StarterContent/Content/StarterContent/Audio/Steam01.uasset" to "../../../../../../Users/miles/Documents/FortressUnreal/Fortress/Fortress/Content/StarterContent/Audio/Steam01.uasset"
[2017.07.08-09.56.42:838][  0]LogPackFactory: Copied "../../../Samples/StarterContent/Content/StarterContent/Audio/Steam01_Cue.uasset" to "../../../../../../Users/miles/Documents/FortressUnreal/Fortress/Fortress/Content/StarterContent/Audio/Steam01_Cue.uasset"
[2017.07.08-09.56.42:847][  0]LogPackFactory: Copied "../../../Samples/StarterContent/Content/StarterContent/Blueprints/Blueprint_CeilingLight.uasset" to "../../../../../../Users/miles/Documents/FortressUnreal/Fortress/Fortress/Content/StarterContent/Blueprints/Blueprint_CeilingLight.uasset"
[2017.07.08-09.56.42:855][  0]LogPackFactory: Copied "../../../Samples/StarterContent/Content/StarterContent/Blueprints/Blueprint_Effect_Explosion.uasset" to "../../../../../../Users/miles/Documents/FortressUnreal/Fortress/Fortress/Content/StarterContent/Blueprints/Blueprint_Effect_Explosion.uasset"
[2017.07.08-09.56.42:862][  0]LogPackFactory: Copied "../../../Samples/StarterContent/Content/StarterContent/Blueprints/Blueprint_Effect_Fire.uasset" to "../../../../../../Users/miles/Documents/FortressUnreal/Fortress/Fortress/Content/StarterContent/Blueprints/Blueprint_Effect_Fire.uasset"
[2017.07.08-09.56.42:870][  0]LogPackFactory: Copied "../../../Samples/StarterContent/Content/StarterContent/Blueprints/Blueprint_Effect_Smoke.uasset" to "../../../../../../Users/miles/Documents/FortressUnreal/Fortress/Fortress/Content/StarterContent/Blueprints/Blueprint_Effect_Smoke.uasset"
[2017.07.08-09.56.42:878][  0]LogPackFactory: Copied "../../../Samples/StarterContent/Content/StarterContent/Blueprints/Blueprint_Effect_Sparks.uasset" to "../../../../../../Users/miles/Documents/FortressUnreal/Fortress/Fortress/Content/StarterContent/Blueprints/Blueprint_Effect_Sparks.uasset"
[2017.07.08-09.56.42:886][  0]LogPackFactory: Copied "../../../Samples/StarterContent/Content/StarterContent/Blueprints/Blueprint_Effect_Steam.uasset" to "../../../../../../Users/miles/Documents/FortressUnreal/Fortress/Fortress/Content/StarterContent/Blueprints/Blueprint_Effect_Steam.uasset"
[2017.07.08-09.56.42:894][  0]LogPackFactory: Copied "../../../Samples/StarterContent/Content/StarterContent/Blueprints/Blueprint_WallSconce.uasset" to "../../../../../../Users/miles/Documents/FortressUnreal/Fortress/Fortress/Content/StarterContent/Blueprints/Blueprint_WallSconce.uasset"
[2017.07.08-09.56.42:902][  0]LogPackFactory: Copied "../../../Samples/StarterContent/Content/StarterContent/Blueprints/BP_LightStudio.uasset" to "../../../../../../Users/miles/Documents/FortressUnreal/Fortress/Fortress/Content/StarterContent/Blueprints/BP_LightStudio.uasset"
[2017.07.08-09.56.42:907][  0]LogPackFactory: Copied "../../../Samples/StarterContent/Content/StarterContent/Blueprints/Assets/FogBrightnessLUT.uasset" to "../../../../../../Users/miles/Documents/FortressUnreal/Fortress/Fortress/Content/StarterContent/Blueprints/Assets/FogBrightnessLUT.uasset"
[2017.07.08-09.56.42:915][  0]LogPackFactory: Copied "../../../Samples/StarterContent/Content/StarterContent/Blueprints/Assets/M_LightStage_Arrows.uasset" to "../../../../../../Users/miles/Documents/FortressUnreal/Fortress/Fortress/Content/StarterContent/Blueprints/Assets/M_LightStage_Arrows.uasset"
[2017.07.08-09.56.42:923][  0]LogPackFactory: Copied "../../../Samples/StarterContent/Content/StarterContent/Blueprints/Assets/M_LightStage_Skybox_Black.uasset" to "../../../../../../Users/miles/Documents/FortressUnreal/Fortress/Fortress/Content/StarterContent/Blueprints/Assets/M_LightStage_Skybox_Black.uasset"
[2017.07.08-09.56.42:930][  0]LogPackFactory: Copied "../../../Samples/StarterContent/Content/StarterContent/Blueprints/Assets/M_LightStage_Skybox_HDRI.uasset" to "../../../../../../Users/miles/Documents/FortressUnreal/Fortress/Fortress/Content/StarterContent/Blueprints/Assets/M_LightStage_Skybox_HDRI.uasset"
[2017.07.08-09.56.42:937][  0]LogPackFactory: Copied "../../../Samples/StarterContent/Content/StarterContent/Blueprints/Assets/M_LightStage_Skybox_Master.uasset" to "../../../../../../Users/miles/Documents/FortressUnreal/Fortress/Fortress/Content/StarterContent/Blueprints/Assets/M_LightStage_Skybox_Master.uasset"
[2017.07.08-09.56.42:947][  0]LogPackFactory: Copied "../../../Samples/StarterContent/Content/StarterContent/Blueprints/Assets/Skybox.uasset" to "../../../../../../Users/miles/Documents/FortressUnreal/Fortress/Fortress/Content/StarterContent/Blueprints/Assets/Skybox.uasset"
[2017.07.08-09.56.42:956][  0]LogPackFactory: Copied "../../../Samples/StarterContent/Content/StarterContent/Blueprints/Assets/SM_Arrows.uasset" to "../../../../../../Users/miles/Documents/FortressUnreal/Fortress/Fortress/Content/StarterContent/Blueprints/Assets/SM_Arrows.uasset"
[2017.07.08-09.56.42:961][  0]LogPackFactory: Copied "../../../Samples/StarterContent/Content/StarterContent/Blueprints/Assets/SunlightColorLUT.uasset" to "../../../../../../Users/miles/Documents/FortressUnreal/Fortress/Fortress/Content/StarterContent/Blueprints/Assets/SunlightColorLUT.uasset"
[2017.07.08-09.56.43:488][  0]LogPackFactory: Copied "../../../Samples/StarterContent/Content/StarterContent/HDRI/HDRI_Epic_Courtyard_Daylight.uasset" to "../../../../../../Users/miles/Documents/FortressUnreal/Fortress/Fortress/Content/StarterContent/HDRI/HDRI_Epic_Courtyard_Daylight.uasset"
[2017.07.08-09.56.43:497][  0]LogPackFactory: Copied "../../../Samples/StarterContent/Content/StarterContent/Maps/Advanced_Lighting.umap" to "../../../../../../Users/miles/Documents/FortressUnreal/Fortress/Fortress/Content/StarterContent/Maps/Advanced_Lighting.umap"
[2017.07.08-09.56.43:507][  0]LogPackFactory: Copied "../../../Samples/StarterContent/Content/StarterContent/Maps/Advanced_Lighting_BuiltData.uasset" to "../../../../../../Users/miles/Documents/FortressUnreal/Fortress/Fortress/Content/StarterContent/Maps/Advanced_Lighting_BuiltData.uasset"
[2017.07.08-09.56.43:519][  0]LogPackFactory: Copied "../../../Samples/StarterContent/Content/StarterContent/Maps/Minimal_Default.umap" to "../../../../../../Users/miles/Documents/FortressUnreal/Fortress/Fortress/Content/StarterContent/Maps/Minimal_Default.umap"
[2017.07.08-09.56.43:530][  0]LogPackFactory: Copied "../../../Samples/StarterContent/Content/StarterContent/Maps/Minimal_Default_BuiltData.uasset" to "../../../../../../Users/miles/Documents/FortressUnreal/Fortress/Fortress/Content/StarterContent/Maps/Minimal_Default_BuiltData.uasset"
[2017.07.08-09.56.43:555][  0]LogPackFactory: Copied "../../../Samples/StarterContent/Content/StarterContent/Maps/StarterMap.umap" to "../../../../../../Users/miles/Documents/FortressUnreal/Fortress/Fortress/Content/StarterContent/Maps/StarterMap.umap"
[2017.07.08-09.56.43:594][  0]LogPackFactory: Copied "../../../Samples/StarterContent/Content/StarterContent/Maps/StarterMap_BuiltData.uasset" to "../../../../../../Users/miles/Documents/FortressUnreal/Fortress/Fortress/Content/StarterContent/Maps/StarterMap_BuiltData.uasset"
[2017.07.08-09.56.43:604][  0]LogPackFactory: Copied "../../../Samples/StarterContent/Content/StarterContent/Materials/M_AssetPlatform.uasset" to "../../../../../../Users/miles/Documents/FortressUnreal/Fortress/Fortress/Content/StarterContent/Materials/M_AssetPlatform.uasset"
[2017.07.08-09.56.43:614][  0]LogPackFactory: Copied "../../../Samples/StarterContent/Content/StarterContent/Materials/M_Basic_Floor.uasset" to "../../../../../../Users/miles/Documents/FortressUnreal/Fortress/Fortress/Content/StarterContent/Materials/M_Basic_Floor.uasset"
[2017.07.08-09.56.43:622][  0]LogPackFactory: Copied "../../../Samples/StarterContent/Content/StarterContent/Materials/M_Basic_Wall.uasset" to "../../../../../../Users/miles/Documents/FortressUnreal/Fortress/Fortress/Content/StarterContent/Materials/M_Basic_Wall.uasset"
[2017.07.08-09.56.43:630][  0]LogPackFactory: Copied "../../../Samples/StarterContent/Content/StarterContent/Materials/M_Brick_Clay_Beveled.uasset" to "../../../../../../Users/miles/Documents/FortressUnreal/Fortress/Fortress/Content/StarterContent/Materials/M_Brick_Clay_Beveled.uasset"
[2017.07.08-09.56.43:637][  0]LogPackFactory: Copied "../../../Samples/StarterContent/Content/StarterContent/Materials/M_Brick_Clay_New.uasset" to "../../../../../../Users/miles/Documents/FortressUnreal/Fortress/Fortress/Content/StarterContent/Materials/M_Brick_Clay_New.uasset"
[2017.07.08-09.56.43:645][  0]LogPackFactory: Copied "../../../Samples/StarterContent/Content/StarterContent/Materials/M_Brick_Clay_Old.uasset" to "../../../../../../Users/miles/Documents/FortressUnreal/Fortress/Fortress/Content/StarterContent/Materials/M_Brick_Clay_Old.uasset"
[2017.07.08-09.56.43:653][  0]LogPackFactory: Copied "../../../Samples/StarterContent/Content/StarterContent/Materials/M_Brick_Cut_Stone.uasset" to "../../../../../../Users/miles/Documents/FortressUnreal/Fortress/Fortress/Content/StarterContent/Materials/M_Brick_Cut_Stone.uasset"
[2017.07.08-09.56.43:661][  0]LogPackFactory: Copied "../../../Samples/StarterContent/Content/StarterContent/Materials/M_Brick_Hewn_Stone.uasset" to "../../../../../../Users/miles/Documents/FortressUnreal/Fortress/Fortress/Content/StarterContent/Materials/M_Brick_Hewn_Stone.uasset"
[2017.07.08-09.56.43:669][  0]LogPackFactory: Copied "../../../Samples/StarterContent/Content/StarterContent/Materials/M_Ceramic_Tile_Checker.uasset" to "../../../../../../Users/miles/Documents/FortressUnreal/Fortress/Fortress/Content/StarterContent/Materials/M_Ceramic_Tile_Checker.uasset"
[2017.07.08-09.56.43:676][  0]LogPackFactory: Copied "../../../Samples/StarterContent/Content/StarterContent/Materials/M_CobbleStone_Pebble.uasset" to "../../../../../../Users/miles/Documents/FortressUnreal/Fortress/Fortress/Content/StarterContent/Materials/M_CobbleStone_Pebble.uasset"
[2017.07.08-09.56.43:685][  0]LogPackFactory: Copied "../../../Samples/StarterContent/Content/StarterContent/Materials/M_CobbleStone_Rough.uasset" to "../../../../../../Users/miles/Documents/FortressUnreal/Fortress/Fortress/Content/StarterContent/Materials/M_CobbleStone_Rough.uasset"
[2017.07.08-09.56.43:693][  0]LogPackFactory: Copied "../../../Samples/StarterContent/Content/StarterContent/Materials/M_CobbleStone_Smooth.uasset" to "../../../../../../Users/miles/Documents/FortressUnreal/Fortress/Fortress/Content/StarterContent/Materials/M_CobbleStone_Smooth.uasset"
[2017.07.08-09.56.43:701][  0]LogPackFactory: Copied "../../../Samples/StarterContent/Content/StarterContent/Materials/M_ColorGrid_LowSpec.uasset" to "../../../../../../Users/miles/Documents/FortressUnreal/Fortress/Fortress/Content/StarterContent/Materials/M_ColorGrid_LowSpec.uasset"
[2017.07.08-09.56.43:709][  0]LogPackFactory: Copied "../../../Samples/StarterContent/Content/StarterContent/Materials/M_Concrete_Grime.uasset" to "../../../../../../Users/miles/Documents/FortressUnreal/Fortress/Fortress/Content/StarterContent/Materials/M_Concrete_Grime.uasset"
[2017.07.08-09.56.43:717][  0]LogPackFactory: Copied "../../../Samples/StarterContent/Content/StarterContent/Materials/M_Concrete_Panels.uasset" to "../../../../../../Users/miles/Documents/FortressUnreal/Fortress/Fortress/Content/StarterContent/Materials/M_Concrete_Panels.uasset"
[2017.07.08-09.56.43:725][  0]LogPackFactory: Copied "../../../Samples/StarterContent/Content/StarterContent/Materials/M_Concrete_Poured.uasset" to "../../../../../../Users/miles/Documents/FortressUnreal/Fortress/Fortress/Content/StarterContent/Materials/M_Concrete_Poured.uasset"
[2017.07.08-09.56.43:733][  0]LogPackFactory: Copied "../../../Samples/StarterContent/Content/StarterContent/Materials/M_Concrete_Tiles.uasset" to "../../../../../../Users/miles/Documents/FortressUnreal/Fortress/Fortress/Content/StarterContent/Materials/M_Concrete_Tiles.uasset"
[2017.07.08-09.56.43:740][  0]LogPackFactory: Copied "../../../Samples/StarterContent/Content/StarterContent/Materials/M_Glass.uasset" to "../../../../../../Users/miles/Documents/FortressUnreal/Fortress/Fortress/Content/StarterContent/Materials/M_Glass.uasset"
[2017.07.08-09.56.43:748][  0]LogPackFactory: Copied "../../../Samples/StarterContent/Content/StarterContent/Materials/M_Ground_Grass.uasset" to "../../../../../../Users/miles/Documents/FortressUnreal/Fortress/Fortress/Content/StarterContent/Materials/M_Ground_Grass.uasset"
[2017.07.08-09.56.43:756][  0]LogPackFactory: Copied "../../../Samples/StarterContent/Content/StarterContent/Materials/M_Ground_Gravel.uasset" to "../../../../../../Users/miles/Documents/FortressUnreal/Fortress/Fortress/Content/StarterContent/Materials/M_Ground_Gravel.uasset"
[2017.07.08-09.56.43:764][  0]LogPackFactory: Copied "../../../Samples/StarterContent/Content/StarterContent/Materials/M_Ground_Moss.uasset" to "../../../../../../Users/miles/Documents/FortressUnreal/Fortress/Fortress/Content/StarterContent/Materials/M_Ground_Moss.uasset"
[2017.07.08-09.56.43:771][  0]LogPackFactory: Copied "../../../Samples/StarterContent/Content/StarterContent/Materials/M_Metal_Brushed_Nickel.uasset" to "../../../../../../Users/miles/Documents/FortressUnreal/Fortress/Fortress/Content/StarterContent/Materials/M_Metal_Brushed_Nickel.uasset"
[2017.07.08-09.56.43:779][  0]LogPackFactory: Copied "../../../Samples/StarterContent/Content/StarterContent/Materials/M_Metal_Burnished_Steel.uasset" to "../../../../../../Users/miles/Documents/FortressUnreal/Fortress/Fortress/Content/StarterContent/Materials/M_Metal_Burnished_Steel.uasset"
[2017.07.08-09.56.43:786][  0]LogPackFactory: Copied "../../../Samples/StarterContent/Content/StarterContent/Materials/M_Metal_Chrome.uasset" to "../../../../../../Users/miles/Documents/FortressUnreal/Fortress/Fortress/Content/StarterContent/Materials/M_Metal_Chrome.uasset"
[2017.07.08-09.56.43:794][  0]LogPackFactory: Copied "../../../Samples/StarterContent/Content/StarterContent/Materials/M_Metal_Copper.uasset" to "../../../../../../Users/miles/Documents/FortressUnreal/Fortress/Fortress/Content/StarterContent/Materials/M_Metal_Copper.uasset"
[2017.07.08-09.56.43:801][  0]LogPackFactory: Copied "../../../Samples/StarterContent/Content/StarterContent/Materials/M_Metal_Gold.uasset" to "../../../../../../Users/miles/Documents/FortressUnreal/Fortress/Fortress/Content/StarterContent/Materials/M_Metal_Gold.uasset"
[2017.07.08-09.56.43:811][  0]LogPackFactory: Copied "../../../Samples/StarterContent/Content/StarterContent/Materials/M_Metal_Rust.uasset" to "../../../../../../Users/miles/Documents/FortressUnreal/Fortress/Fortress/Content/StarterContent/Materials/M_Metal_Rust.uasset"
[2017.07.08-09.56.43:818][  0]LogPackFactory: Copied "../../../Samples/StarterContent/Content/StarterContent/Materials/M_Metal_Steel.uasset" to "../../../../../../Users/miles/Documents/FortressUnreal/Fortress/Fortress/Content/StarterContent/Materials/M_Metal_Steel.uasset"
[2017.07.08-09.56.43:826][  0]LogPackFactory: Copied "../../../Samples/StarterContent/Content/StarterContent/Materials/M_Rock_Basalt.uasset" to "../../../../../../Users/miles/Documents/FortressUnreal/Fortress/Fortress/Content/StarterContent/Materials/M_Rock_Basalt.uasset"
[2017.07.08-09.56.43:834][  0]LogPackFactory: Copied "../../../Samples/StarterContent/Content/StarterContent/Materials/M_Rock_Marble_Polished.uasset" to "../../../../../../Users/miles/Documents/FortressUnreal/Fortress/Fortress/Content/StarterContent/Materials/M_Rock_Marble_Polished.uasset"
[2017.07.08-09.56.43:841][  0]LogPackFactory: Copied "../../../Samples/StarterContent/Content/StarterContent/Materials/M_Rock_Sandstone.uasset" to "../../../../../../Users/miles/Documents/FortressUnreal/Fortress/Fortress/Content/StarterContent/Materials/M_Rock_Sandstone.uasset"
[2017.07.08-09.56.43:849][  0]LogPackFactory: Copied "../../../Samples/StarterContent/Content/StarterContent/Materials/M_Rock_Slate.uasset" to "../../../../../../Users/miles/Documents/FortressUnreal/Fortress/Fortress/Content/StarterContent/Materials/M_Rock_Slate.uasset"
[2017.07.08-09.56.43:857][  0]LogPackFactory: Copied "../../../Samples/StarterContent/Content/StarterContent/Materials/M_Tech_Checker_Dot.uasset" to "../../../../../../Users/miles/Documents/FortressUnreal/Fortress/Fortress/Content/StarterContent/Materials/M_Tech_Checker_Dot.uasset"
[2017.07.08-09.56.43:865][  0]LogPackFactory: Copied "../../../Samples/StarterContent/Content/StarterContent/Materials/M_Tech_Hex_Tile.uasset" to "../../../../../../Users/miles/Documents/FortressUnreal/Fortress/Fortress/Content/StarterContent/Materials/M_Tech_Hex_Tile.uasset"
[2017.07.08-09.56.43:873][  0]LogPackFactory: Copied "../../../Samples/StarterContent/Content/StarterContent/Materials/M_Tech_Hex_Tile_Pulse.uasset" to "../../../../../../Users/miles/Documents/FortressUnreal/Fortress/Fortress/Content/StarterContent/Materials/M_Tech_Hex_Tile_Pulse.uasset"
[2017.07.08-09.56.43:881][  0]LogPackFactory: Copied "../../../Samples/StarterContent/Content/StarterContent/Materials/M_Tech_Panel.uasset" to "../../../../../../Users/miles/Documents/FortressUnreal/Fortress/Fortress/Content/StarterContent/Materials/M_Tech_Panel.uasset"
[2017.07.08-09.56.43:889][  0]LogPackFactory: Copied "../../../Samples/StarterContent/Content/StarterContent/Materials/M_Water_Lake.uasset" to "../../../../../../Users/miles/Documents/FortressUnreal/Fortress/Fortress/Content/StarterContent/Materials/M_Water_Lake.uasset"
[2017.07.08-09.56.43:897][  0]LogPackFactory: Copied "../../../Samples/StarterContent/Content/StarterContent/Materials/M_Water_Ocean.uasset" to "../../../../../../Users/miles/Documents/FortressUnreal/Fortress/Fortress/Content/StarterContent/Materials/M_Water_Ocean.uasset"
[2017.07.08-09.56.43:904][  0]LogPackFactory: Copied "../../../Samples/StarterContent/Content/StarterContent/Materials/M_Wood_Floor_Walnut_Polished.uasset" to "../../../../../../Users/miles/Documents/FortressUnreal/Fortress/Fortress/Content/StarterContent/Materials/M_Wood_Floor_Walnut_Polished.uasset"
[2017.07.08-09.56.43:913][  0]LogPackFactory: Copied "../../../Samples/StarterContent/Content/StarterContent/Materials/M_Wood_Floor_Walnut_Worn.uasset" to "../../../../../../Users/miles/Documents/FortressUnreal/Fortress/Fortress/Content/StarterContent/Materials/M_Wood_Floor_Walnut_Worn.uasset"
[2017.07.08-09.56.43:920][  0]LogPackFactory: Copied "../../../Samples/StarterContent/Content/StarterContent/Materials/M_Wood_Oak.uasset" to "../../../../../../Users/miles/Documents/FortressUnreal/Fortress/Fortress/Content/StarterContent/Materials/M_Wood_Oak.uasset"
[2017.07.08-09.56.43:928][  0]LogPackFactory: Copied "../../../Samples/StarterContent/Content/StarterContent/Materials/M_Wood_Pine.uasset" to "../../../../../../Users/miles/Documents/FortressUnreal/Fortress/Fortress/Content/StarterContent/Materials/M_Wood_Pine.uasset"
[2017.07.08-09.56.43:935][  0]LogPackFactory: Copied "../../../Samples/StarterContent/Content/StarterContent/Materials/M_Wood_Walnut.uasset" to "../../../../../../Users/miles/Documents/FortressUnreal/Fortress/Fortress/Content/StarterContent/Materials/M_Wood_Walnut.uasset"
[2017.07.08-09.56.43:944][  0]LogPackFactory: Copied "../../../Samples/StarterContent/Content/StarterContent/Particles/P_Ambient_Dust.uasset" to "../../../../../../Users/miles/Documents/FortressUnreal/Fortress/Fortress/Content/StarterContent/Particles/P_Ambient_Dust.uasset"
[2017.07.08-09.56.43:952][  0]LogPackFactory: Copied "../../../Samples/StarterContent/Content/StarterContent/Particles/P_Explosion.uasset" to "../../../../../../Users/miles/Documents/FortressUnreal/Fortress/Fortress/Content/StarterContent/Particles/P_Explosion.uasset"
[2017.07.08-09.56.43:960][  0]LogPackFactory: Copied "../../../Samples/StarterContent/Content/StarterContent/Particles/P_Fire.uasset" to "../../../../../../Users/miles/Documents/FortressUnreal/Fortress/Fortress/Content/StarterContent/Particles/P_Fire.uasset"
[2017.07.08-09.56.43:968][  0]LogPackFactory: Copied "../../../Samples/StarterContent/Content/StarterContent/Particles/P_Smoke.uasset" to "../../../../../../Users/miles/Documents/FortressUnreal/Fortress/Fortress/Content/StarterContent/Particles/P_Smoke.uasset"
[2017.07.08-09.56.43:976][  0]LogPackFactory: Copied "../../../Samples/StarterContent/Content/StarterContent/Particles/P_Sparks.uasset" to "../../../../../../Users/miles/Documents/FortressUnreal/Fortress/Fortress/Content/StarterContent/Particles/P_Sparks.uasset"
[2017.07.08-09.56.43:984][  0]LogPackFactory: Copied "../../../Samples/StarterContent/Content/StarterContent/Particles/P_Steam_Lit.uasset" to "../../../../../../Users/miles/Documents/FortressUnreal/Fortress/Fortress/Content/StarterContent/Particles/P_Steam_Lit.uasset"
[2017.07.08-09.56.43:991][  0]LogPackFactory: Copied "../../../Samples/StarterContent/Content/StarterContent/Particles/Materials/M_Burst.uasset" to "../../../../../../Users/miles/Documents/FortressUnreal/Fortress/Fortress/Content/StarterContent/Particles/Materials/M_Burst.uasset"
[2017.07.08-09.56.43:999][  0]LogPackFactory: Copied "../../../Samples/StarterContent/Content/StarterContent/Particles/Materials/M_Dust_Particle.uasset" to "../../../../../../Users/miles/Documents/FortressUnreal/Fortress/Fortress/Content/StarterContent/Particles/Materials/M_Dust_Particle.uasset"
[2017.07.08-09.56.44:007][  0]LogPackFactory: Copied "../../../Samples/StarterContent/Content/StarterContent/Particles/Materials/M_explosion_subUV.uasset" to "../../../../../../Users/miles/Documents/FortressUnreal/Fortress/Fortress/Content/StarterContent/Particles/Materials/M_explosion_subUV.uasset"
[2017.07.08-09.56.44:014][  0]LogPackFactory: Copied "../../../Samples/StarterContent/Content/StarterContent/Particles/Materials/M_Fire_SubUV.uasset" to "../../../../../../Users/miles/Documents/FortressUnreal/Fortress/Fortress/Content/StarterContent/Particles/Materials/M_Fire_SubUV.uasset"
[2017.07.08-09.56.44:022][  0]LogPackFactory: Copied "../../../Samples/StarterContent/Content/StarterContent/Particles/Materials/m_flare_01.uasset" to "../../../../../../Users/miles/Documents/FortressUnreal/Fortress/Fortress/Content/StarterContent/Particles/Materials/m_flare_01.uasset"
[2017.07.08-09.56.44:029][  0]LogPackFactory: Copied "../../../Samples/StarterContent/Content/StarterContent/Particles/Materials/M_Heat_Distortion.uasset" to "../../../../../../Users/miles/Documents/FortressUnreal/Fortress/Fortress/Content/StarterContent/Particles/Materials/M_Heat_Distortion.uasset"
[2017.07.08-09.56.44:037][  0]LogPackFactory: Copied "../../../Samples/StarterContent/Content/StarterContent/Particles/Materials/M_Radial_Gradient.uasset" to "../../../../../../Users/miles/Documents/FortressUnreal/Fortress/Fortress/Content/StarterContent/Particles/Materials/M_Radial_Gradient.uasset"
[2017.07.08-09.56.44:045][  0]LogPackFactory: Copied "../../../Samples/StarterContent/Content/StarterContent/Particles/Materials/M_radial_ramp.uasset" to "../../../../../../Users/miles/Documents/FortressUnreal/Fortress/Fortress/Content/StarterContent/Particles/Materials/M_radial_ramp.uasset"
[2017.07.08-09.56.44:052][  0]LogPackFactory: Copied "../../../Samples/StarterContent/Content/StarterContent/Particles/Materials/M_smoke_subUV.uasset" to "../../../../../../Users/miles/Documents/FortressUnreal/Fortress/Fortress/Content/StarterContent/Particles/Materials/M_smoke_subUV.uasset"
[2017.07.08-09.56.44:060][  0]LogPackFactory: Copied "../../../Samples/StarterContent/Content/StarterContent/Particles/Materials/M_Spark.uasset" to "../../../../../../Users/miles/Documents/FortressUnreal/Fortress/Fortress/Content/StarterContent/Particles/Materials/M_Spark.uasset"
[2017.07.08-09.56.44:068][  0]LogPackFactory: Copied "../../../Samples/StarterContent/Content/StarterContent/Props/MaterialSphere.uasset" to "../../../../../../Users/miles/Documents/FortressUnreal/Fortress/Fortress/Content/StarterContent/Props/MaterialSphere.uasset"
[2017.07.08-09.56.44:076][  0]LogPackFactory: Copied "../../../Samples/StarterContent/Content/StarterContent/Props/SM_Bush.uasset" to "../../../../../../Users/miles/Documents/FortressUnreal/Fortress/Fortress/Content/StarterContent/Props/SM_Bush.uasset"
[2017.07.08-09.56.44:084][  0]LogPackFactory: Copied "../../../Samples/StarterContent/Content/StarterContent/Props/SM_Chair.uasset" to "../../../../../../Users/miles/Documents/FortressUnreal/Fortress/Fortress/Content/StarterContent/Props/SM_Chair.uasset"
[2017.07.08-09.56.44:091][  0]LogPackFactory: Copied "../../../Samples/StarterContent/Content/StarterContent/Props/SM_CornerFrame.uasset" to "../../../../../../Users/miles/Documents/FortressUnreal/Fortress/Fortress/Content/StarterContent/Props/SM_CornerFrame.uasset"
[2017.07.08-09.56.44:099][  0]LogPackFactory: Copied "../../../Samples/StarterContent/Content/StarterContent/Props/SM_Couch.uasset" to "../../../../../../Users/miles/Documents/FortressUnreal/Fortress/Fortress/Content/StarterContent/Props/SM_Couch.uasset"
[2017.07.08-09.56.44:107][  0]LogPackFactory: Copied "../../../Samples/StarterContent/Content/StarterContent/Props/SM_Door.uasset" to "../../../../../../Users/miles/Documents/FortressUnreal/Fortress/Fortress/Content/StarterContent/Props/SM_Door.uasset"
[2017.07.08-09.56.44:115][  0]LogPackFactory: Copied "../../../Samples/StarterContent/Content/StarterContent/Props/SM_DoorFrame.uasset" to "../../../../../../Users/miles/Documents/FortressUnreal/Fortress/Fortress/Content/StarterContent/Props/SM_DoorFrame.uasset"
[2017.07.08-09.56.44:122][  0]LogPackFactory: Copied "../../../Samples/StarterContent/Content/StarterContent/Props/SM_GlassWindow.uasset" to "../../../../../../Users/miles/Documents/FortressUnreal/Fortress/Fortress/Content/StarterContent/Props/SM_GlassWindow.uasset"
[2017.07.08-09.56.44:130][  0]LogPackFactory: Copied "../../../Samples/StarterContent/Content/StarterContent/Props/SM_Lamp_Ceiling.uasset" to "../../../../../../Users/miles/Documents/FortressUnreal/Fortress/Fortress/Content/StarterContent/Props/SM_Lamp_Ceiling.uasset"
[2017.07.08-09.56.44:138][  0]LogPackFactory: Copied "../../../Samples/StarterContent/Content/StarterContent/Props/SM_Lamp_Wall.uasset" to "../../../../../../Users/miles/Documents/FortressUnreal/Fortress/Fortress/Content/StarterContent/Props/SM_Lamp_Wall.uasset"
[2017.07.08-09.56.44:151][  0]LogPackFactory: Copied "../../../Samples/StarterContent/Content/StarterContent/Props/SM_MatPreviewMesh_02.uasset" to "../../../../../../Users/miles/Documents/FortressUnreal/Fortress/Fortress/Content/StarterContent/Props/SM_MatPreviewMesh_02.uasset"
[2017.07.08-09.56.44:158][  0]LogPackFactory: Copied "../../../Samples/StarterContent/Content/StarterContent/Props/SM_PillarFrame.uasset" to "../../../../../../Users/miles/Documents/FortressUnreal/Fortress/Fortress/Content/StarterContent/Props/SM_PillarFrame.uasset"
[2017.07.08-09.56.44:166][  0]LogPackFactory: Copied "../../../Samples/StarterContent/Content/StarterContent/Props/SM_PillarFrame300.uasset" to "../../../../../../Users/miles/Documents/FortressUnreal/Fortress/Fortress/Content/StarterContent/Props/SM_PillarFrame300.uasset"
[2017.07.08-09.56.44:173][  0]LogPackFactory: Copied "../../../Samples/StarterContent/Content/StarterContent/Props/SM_Rock.uasset" to "../../../../../../Users/miles/Documents/FortressUnreal/Fortress/Fortress/Content/StarterContent/Props/SM_Rock.uasset"
[2017.07.08-09.56.44:181][  0]LogPackFactory: Copied "../../../Samples/StarterContent/Content/StarterContent/Props/SM_Shelf.uasset" to "../../../../../../Users/miles/Documents/FortressUnreal/Fortress/Fortress/Content/StarterContent/Props/SM_Shelf.uasset"
[2017.07.08-09.56.44:188][  0]LogPackFactory: Copied "../../../Samples/StarterContent/Content/StarterContent/Props/SM_Stairs.uasset" to "../../../../../../Users/miles/Documents/FortressUnreal/Fortress/Fortress/Content/StarterContent/Props/SM_Stairs.uasset"
[2017.07.08-09.56.44:197][  0]LogPackFactory: Copied "../../../Samples/StarterContent/Content/StarterContent/Props/SM_Statue.uasset" to "../../../../../../Users/miles/Documents/FortressUnreal/Fortress/Fortress/Content/StarterContent/Props/SM_Statue.uasset"
[2017.07.08-09.56.44:205][  0]LogPackFactory: Copied "../../../Samples/StarterContent/Content/StarterContent/Props/SM_TableRound.uasset" to "../../../../../../Users/miles/Documents/FortressUnreal/Fortress/Fortress/Content/StarterContent/Props/SM_TableRound.uasset"
[2017.07.08-09.56.44:213][  0]LogPackFactory: Copied "../../../Samples/StarterContent/Content/StarterContent/Props/SM_WindowFrame.uasset" to "../../../../../../Users/miles/Documents/FortressUnreal/Fortress/Fortress/Content/StarterContent/Props/SM_WindowFrame.uasset"
[2017.07.08-09.56.44:221][  0]LogPackFactory: Copied "../../../Samples/StarterContent/Content/StarterContent/Props/Materials/M_Bush.uasset" to "../../../../../../Users/miles/Documents/FortressUnreal/Fortress/Fortress/Content/StarterContent/Props/Materials/M_Bush.uasset"
[2017.07.08-09.56.44:228][  0]LogPackFactory: Copied "../../../Samples/StarterContent/Content/StarterContent/Props/Materials/M_Chair.uasset" to "../../../../../../Users/miles/Documents/FortressUnreal/Fortress/Fortress/Content/StarterContent/Props/Materials/M_Chair.uasset"
[2017.07.08-09.56.44:235][  0]LogPackFactory: Copied "../../../Samples/StarterContent/Content/StarterContent/Props/Materials/M_Door.uasset" to "../../../../../../Users/miles/Documents/FortressUnreal/Fortress/Fortress/Content/StarterContent/Props/Materials/M_Door.uasset"
[2017.07.08-09.56.44:243][  0]LogPackFactory: Copied "../../../Samples/StarterContent/Content/StarterContent/Props/Materials/M_Frame.uasset" to "../../../../../../Users/miles/Documents/FortressUnreal/Fortress/Fortress/Content/StarterContent/Props/Materials/M_Frame.uasset"
[2017.07.08-09.56.44:251][  0]LogPackFactory: Copied "../../../Samples/StarterContent/Content/StarterContent/Props/Materials/M_Lamp.uasset" to "../../../../../../Users/miles/Documents/FortressUnreal/Fortress/Fortress/Content/StarterContent/Props/Materials/M_Lamp.uasset"
[2017.07.08-09.56.44:258][  0]LogPackFactory: Copied "../../../Samples/StarterContent/Content/StarterContent/Props/Materials/M_MaterialSphere.uasset" to "../../../../../../Users/miles/Documents/FortressUnreal/Fortress/Fortress/Content/StarterContent/Props/Materials/M_MaterialSphere.uasset"
[2017.07.08-09.56.44:266][  0]LogPackFactory: Copied "../../../Samples/StarterContent/Content/StarterContent/Props/Materials/M_MaterialSphere_Plain.uasset" to "../../../../../../Users/miles/Documents/FortressUnreal/Fortress/Fortress/Content/StarterContent/Props/Materials/M_MaterialSphere_Plain.uasset"
[2017.07.08-09.56.44:274][  0]LogPackFactory: Copied "../../../Samples/StarterContent/Content/StarterContent/Props/Materials/M_Rock.uasset" to "../../../../../../Users/miles/Documents/FortressUnreal/Fortress/Fortress/Content/StarterContent/Props/Materials/M_Rock.uasset"
[2017.07.08-09.56.44:282][  0]LogPackFactory: Copied "../../../Samples/StarterContent/Content/StarterContent/Props/Materials/M_Shelf.uasset" to "../../../../../../Users/miles/Documents/FortressUnreal/Fortress/Fortress/Content/StarterContent/Props/Materials/M_Shelf.uasset"
[2017.07.08-09.56.44:289][  0]LogPackFactory: Copied "../../../Samples/StarterContent/Content/StarterContent/Props/Materials/M_Statue.uasset" to "../../../../../../Users/miles/Documents/FortressUnreal/Fortress/Fortress/Content/StarterContent/Props/Materials/M_Statue.uasset"
[2017.07.08-09.56.44:296][  0]LogPackFactory: Copied "../../../Samples/StarterContent/Content/StarterContent/Props/Materials/M_StatueGlass.uasset" to "../../../../../../Users/miles/Documents/FortressUnreal/Fortress/Fortress/Content/StarterContent/Props/Materials/M_StatueGlass.uasset"
[2017.07.08-09.56.44:303][  0]LogPackFactory: Copied "../../../Samples/StarterContent/Content/StarterContent/Props/Materials/M_TableRound.uasset" to "../../../../../../Users/miles/Documents/FortressUnreal/Fortress/Fortress/Content/StarterContent/Props/Materials/M_TableRound.uasset"
[2017.07.08-09.56.44:311][  0]LogPackFactory: Copied "../../../Samples/StarterContent/Content/StarterContent/Shapes/Shape_Cone.uasset" to "../../../../../../Users/miles/Documents/FortressUnreal/Fortress/Fortress/Content/StarterContent/Shapes/Shape_Cone.uasset"
[2017.07.08-09.56.44:319][  0]LogPackFactory: Copied "../../../Samples/StarterContent/Content/StarterContent/Shapes/Shape_Cube.uasset" to "../../../../../../Users/miles/Documents/FortressUnreal/Fortress/Fortress/Content/StarterContent/Shapes/Shape_Cube.uasset"
[2017.07.08-09.56.44:326][  0]LogPackFactory: Copied "../../../Samples/StarterContent/Content/StarterContent/Shapes/Shape_Cylinder.uasset" to "../../../../../../Users/miles/Documents/FortressUnreal/Fortress/Fortress/Content/StarterContent/Shapes/Shape_Cylinder.uasset"
[2017.07.08-09.56.44:334][  0]LogPackFactory: Copied "../../../Samples/StarterContent/Content/StarterContent/Shapes/Shape_NarrowCapsule.uasset" to "../../../../../../Users/miles/Documents/FortressUnreal/Fortress/Fortress/Content/StarterContent/Shapes/Shape_NarrowCapsule.uasset"
[2017.07.08-09.56.44:342][  0]LogPackFactory: Copied "../../../Samples/StarterContent/Content/StarterContent/Shapes/Shape_Pipe.uasset" to "../../../../../../Users/miles/Documents/FortressUnreal/Fortress/Fortress/Content/StarterContent/Shapes/Shape_Pipe.uasset"
[2017.07.08-09.56.44:350][  0]LogPackFactory: Copied "../../../Samples/StarterContent/Content/StarterContent/Shapes/Shape_Pipe_180.uasset" to "../../../../../../Users/miles/Documents/FortressUnreal/Fortress/Fortress/Content/StarterContent/Shapes/Shape_Pipe_180.uasset"
[2017.07.08-09.56.44:357][  0]LogPackFactory: Copied "../../../Samples/StarterContent/Content/StarterContent/Shapes/Shape_Pipe_90.uasset" to "../../../../../../Users/miles/Documents/FortressUnreal/Fortress/Fortress/Content/StarterContent/Shapes/Shape_Pipe_90.uasset"
[2017.07.08-09.56.44:365][  0]LogPackFactory: Copied "../../../Samples/StarterContent/Content/StarterContent/Shapes/Shape_Plane.uasset" to "../../../../../../Users/miles/Documents/FortressUnreal/Fortress/Fortress/Content/StarterContent/Shapes/Shape_Plane.uasset"
[2017.07.08-09.56.44:372][  0]LogPackFactory: Copied "../../../Samples/StarterContent/Content/StarterContent/Shapes/Shape_QuadPyramid.uasset" to "../../../../../../Users/miles/Documents/FortressUnreal/Fortress/Fortress/Content/StarterContent/Shapes/Shape_QuadPyramid.uasset"
[2017.07.08-09.56.44:380][  0]LogPackFactory: Copied "../../../Samples/StarterContent/Content/StarterContent/Shapes/Shape_Sphere.uasset" to "../../../../../../Users/miles/Documents/FortressUnreal/Fortress/Fortress/Content/StarterContent/Shapes/Shape_Sphere.uasset"
[2017.07.08-09.56.44:389][  0]LogPackFactory: Copied "../../../Samples/StarterContent/Content/StarterContent/Shapes/Shape_Torus.uasset" to "../../../../../../Users/miles/Documents/FortressUnreal/Fortress/Fortress/Content/StarterContent/Shapes/Shape_Torus.uasset"
[2017.07.08-09.56.44:396][  0]LogPackFactory: Copied "../../../Samples/StarterContent/Content/StarterContent/Shapes/Shape_Trim.uasset" to "../../../../../../Users/miles/Documents/FortressUnreal/Fortress/Fortress/Content/StarterContent/Shapes/Shape_Trim.uasset"
[2017.07.08-09.56.44:403][  0]LogPackFactory: Copied "../../../Samples/StarterContent/Content/StarterContent/Shapes/Shape_Trim_90_In.uasset" to "../../../../../../Users/miles/Documents/FortressUnreal/Fortress/Fortress/Content/StarterContent/Shapes/Shape_Trim_90_In.uasset"
[2017.07.08-09.56.44:411][  0]LogPackFactory: Copied "../../../Samples/StarterContent/Content/StarterContent/Shapes/Shape_Trim_90_Out.uasset" to "../../../../../../Users/miles/Documents/FortressUnreal/Fortress/Fortress/Content/StarterContent/Shapes/Shape_Trim_90_Out.uasset"
[2017.07.08-09.56.44:419][  0]LogPackFactory: Copied "../../../Samples/StarterContent/Content/StarterContent/Shapes/Shape_TriPyramid.uasset" to "../../../../../../Users/miles/Documents/FortressUnreal/Fortress/Fortress/Content/StarterContent/Shapes/Shape_TriPyramid.uasset"
[2017.07.08-09.56.44:426][  0]LogPackFactory: Copied "../../../Samples/StarterContent/Content/StarterContent/Shapes/Shape_Tube.uasset" to "../../../../../../Users/miles/Documents/FortressUnreal/Fortress/Fortress/Content/StarterContent/Shapes/Shape_Tube.uasset"
[2017.07.08-09.56.44:434][  0]LogPackFactory: Copied "../../../Samples/StarterContent/Content/StarterContent/Shapes/Shape_Wedge_A.uasset" to "../../../../../../Users/miles/Documents/FortressUnreal/Fortress/Fortress/Content/StarterContent/Shapes/Shape_Wedge_A.uasset"
[2017.07.08-09.56.44:441][  0]LogPackFactory: Copied "../../../Samples/StarterContent/Content/StarterContent/Shapes/Shape_Wedge_B.uasset" to "../../../../../../Users/miles/Documents/FortressUnreal/Fortress/Fortress/Content/StarterContent/Shapes/Shape_Wedge_B.uasset"
[2017.07.08-09.56.44:449][  0]LogPackFactory: Copied "../../../Samples/StarterContent/Content/StarterContent/Shapes/Shape_WideCapsule.uasset" to "../../../../../../Users/miles/Documents/FortressUnreal/Fortress/Fortress/Content/StarterContent/Shapes/Shape_WideCapsule.uasset"
[2017.07.08-09.56.44:476][  0]LogPackFactory: Copied "../../../Samples/StarterContent/Content/StarterContent/Textures/T_Brick_Clay_Beveled_D.uasset" to "../../../../../../Users/miles/Documents/FortressUnreal/Fortress/Fortress/Content/StarterContent/Textures/T_Brick_Clay_Beveled_D.uasset"
[2017.07.08-09.56.44:503][  0]LogPackFactory: Copied "../../../Samples/StarterContent/Content/StarterContent/Textures/T_Brick_Clay_Beveled_M.uasset" to "../../../../../../Users/miles/Documents/FortressUnreal/Fortress/Fortress/Content/StarterContent/Textures/T_Brick_Clay_Beveled_M.uasset"
[2017.07.08-09.56.44:529][  0]LogPackFactory: Copied "../../../Samples/StarterContent/Content/StarterContent/Textures/T_Brick_Clay_Beveled_N.uasset" to "../../../../../../Users/miles/Documents/FortressUnreal/Fortress/Fortress/Content/StarterContent/Textures/T_Brick_Clay_Beveled_N.uasset"
[2017.07.08-09.56.44:552][  0]LogPackFactory: Copied "../../../Samples/StarterContent/Content/StarterContent/Textures/T_Brick_Clay_New_D.uasset" to "../../../../../../Users/miles/Documents/FortressUnreal/Fortress/Fortress/Content/StarterContent/Textures/T_Brick_Clay_New_D.uasset"
[2017.07.08-09.56.44:589][  0]LogPackFactory: Copied "../../../Samples/StarterContent/Content/StarterContent/Textures/T_Brick_Clay_New_M.uasset" to "../../../../../../Users/miles/Documents/FortressUnreal/Fortress/Fortress/Content/StarterContent/Textures/T_Brick_Clay_New_M.uasset"
[2017.07.08-09.56.44:625][  0]LogPackFactory: Copied "../../../Samples/StarterContent/Content/StarterContent/Textures/T_Brick_Clay_New_N.uasset" to "../../../../../../Users/miles/Documents/FortressUnreal/Fortress/Fortress/Content/StarterContent/Textures/T_Brick_Clay_New_N.uasset"
[2017.07.08-09.56.44:673][  0]LogPackFactory: Copied "../../../Samples/StarterContent/Content/StarterContent/Textures/T_Brick_Clay_Old_D.uasset" to "../../../../../../Users/miles/Documents/FortressUnreal/Fortress/Fortress/Content/StarterContent/Textures/T_Brick_Clay_Old_D.uasset"
[2017.07.08-09.56.44:709][  0]LogPackFactory: Copied "../../../Samples/StarterContent/Content/StarterContent/Textures/T_Brick_Clay_Old_N.uasset" to "../../../../../../Users/miles/Documents/FortressUnreal/Fortress/Fortress/Content/StarterContent/Textures/T_Brick_Clay_Old_N.uasset"
[2017.07.08-09.56.44:750][  0]LogPackFactory: Copied "../../../Samples/StarterContent/Content/StarterContent/Textures/T_Brick_Cut_Stone_D.uasset" to "../../../../../../Users/miles/Documents/FortressUnreal/Fortress/Fortress/Content/StarterContent/Textures/T_Brick_Cut_Stone_D.uasset"
[2017.07.08-09.56.44:774][  0]LogPackFactory: Copied "../../../Samples/StarterContent/Content/StarterContent/Textures/T_Brick_Cut_Stone_N.uasset" to "../../../../../../Users/miles/Documents/FortressUnreal/Fortress/Fortress/Content/StarterContent/Textures/T_Brick_Cut_Stone_N.uasset"
[2017.07.08-09.56.44:801][  0]LogPackFactory: Copied "../../../Samples/StarterContent/Content/StarterContent/Textures/T_Brick_Hewn_Stone_D.uasset" to "../../../../../../Users/miles/Documents/FortressUnreal/Fortress/Fortress/Content/StarterContent/Textures/T_Brick_Hewn_Stone_D.uasset"
[2017.07.08-09.56.44:825][  0]LogPackFactory: Copied "../../../Samples/StarterContent/Content/StarterContent/Textures/T_Brick_Hewn_Stone_M.uasset" to "../../../../../../Users/miles/Documents/FortressUnreal/Fortress/Fortress/Content/StarterContent/Textures/T_Brick_Hewn_Stone_M.uasset"
[2017.07.08-09.56.44:856][  0]LogPackFactory: Copied "../../../Samples/StarterContent/Content/StarterContent/Textures/T_Brick_Hewn_Stone_N.uasset" to "../../../../../../Users/miles/Documents/FortressUnreal/Fortress/Fortress/Content/StarterContent/Textures/T_Brick_Hewn_Stone_N.uasset"
[2017.07.08-09.56.44:865][  0]LogPackFactory: Copied "../../../Samples/StarterContent/Content/StarterContent/Textures/T_Burst_M.uasset" to "../../../../../../Users/miles/Documents/FortressUnreal/Fortress/Fortress/Content/StarterContent/Textures/T_Burst_M.uasset"
[2017.07.08-09.56.44:873][  0]LogPackFactory: Copied "../../../Samples/StarterContent/Content/StarterContent/Textures/T_Bush_D.uasset" to "../../../../../../Users/miles/Documents/FortressUnreal/Fortress/Fortress/Content/StarterContent/Textures/T_Bush_D.uasset"
[2017.07.08-09.56.44:882][  0]LogPackFactory: Copied "../../../Samples/StarterContent/Content/StarterContent/Textures/T_Bush_N.uasset" to "../../../../../../Users/miles/Documents/FortressUnreal/Fortress/Fortress/Content/StarterContent/Textures/T_Bush_N.uasset"
[2017.07.08-09.56.44:892][  0]LogPackFactory: Copied "../../../Samples/StarterContent/Content/StarterContent/Textures/T_Ceramic_Tile_M.uasset" to "../../../../../../Users/miles/Documents/FortressUnreal/Fortress/Fortress/Content/StarterContent/Textures/T_Ceramic_Tile_M.uasset"
[2017.07.08-09.56.44:901][  0]LogPackFactory: Copied "../../../Samples/StarterContent/Content/StarterContent/Textures/T_Ceramic_Tile_N.uasset" to "../../../../../../Users/miles/Documents/FortressUnreal/Fortress/Fortress/Content/StarterContent/Textures/T_Ceramic_Tile_N.uasset"
[2017.07.08-09.56.44:910][  0]LogPackFactory: Copied "../../../Samples/StarterContent/Content/StarterContent/Textures/T_Chair_M.uasset" to "../../../../../../Users/miles/Documents/FortressUnreal/Fortress/Fortress/Content/StarterContent/Textures/T_Chair_M.uasset"
[2017.07.08-09.56.44:923][  0]LogPackFactory: Copied "../../../Samples/StarterContent/Content/StarterContent/Textures/T_Chair_N.uasset" to "../../../../../../Users/miles/Documents/FortressUnreal/Fortress/Fortress/Content/StarterContent/Textures/T_Chair_N.uasset"
[2017.07.08-09.56.44:932][  0]LogPackFactory: Copied "../../../Samples/StarterContent/Content/StarterContent/Textures/T_Checker_Noise_M.uasset" to "../../../../../../Users/miles/Documents/FortressUnreal/Fortress/Fortress/Content/StarterContent/Textures/T_Checker_Noise_M.uasset"
[2017.07.08-09.56.44:969][  0]LogPackFactory: Copied "../../../Samples/StarterContent/Content/StarterContent/Textures/T_CobbleStone_Pebble_D.uasset" to "../../../../../../Users/miles/Documents/FortressUnreal/Fortress/Fortress/Content/StarterContent/Textures/T_CobbleStone_Pebble_D.uasset"
[2017.07.08-09.56.44:980][  0]LogPackFactory: Copied "../../../Samples/StarterContent/Content/StarterContent/Textures/T_CobbleStone_Pebble_M.uasset" to "../../../../../../Users/miles/Documents/FortressUnreal/Fortress/Fortress/Content/StarterContent/Textures/T_CobbleStone_Pebble_M.uasset"
[2017.07.08-09.56.45:017][  0]LogPackFactory: Copied "../../../Samples/StarterContent/Content/StarterContent/Textures/T_CobbleStone_Pebble_N.uasset" to "../../../../../../Users/miles/Documents/FortressUnreal/Fortress/Fortress/Content/StarterContent/Textures/T_CobbleStone_Pebble_N.uasset"
[2017.07.08-09.56.45:033][  0]LogPackFactory: Copied "../../../Samples/StarterContent/Content/StarterContent/Textures/T_CobbleStone_Rough_D.uasset" to "../../../../../../Users/miles/Documents/FortressUnreal/Fortress/Fortress/Content/StarterContent/Textures/T_CobbleStone_Rough_D.uasset"
[2017.07.08-09.56.45:049][  0]LogPackFactory: Copied "../../../Samples/StarterContent/Content/StarterContent/Textures/T_CobbleStone_Rough_N.uasset" to "../../../../../../Users/miles/Documents/FortressUnreal/Fortress/Fortress/Content/StarterContent/Textures/T_CobbleStone_Rough_N.uasset"
[2017.07.08-09.56.45:073][  0]LogPackFactory: Copied "../../../Samples/StarterContent/Content/StarterContent/Textures/T_CobbleStone_Smooth_D.uasset" to "../../../../../../Users/miles/Documents/FortressUnreal/Fortress/Fortress/Content/StarterContent/Textures/T_CobbleStone_Smooth_D.uasset"
[2017.07.08-09.56.45:095][  0]LogPackFactory: Copied "../../../Samples/StarterContent/Content/StarterContent/Textures/T_CobbleStone_Smooth_M.uasset" to "../../../../../../Users/miles/Documents/FortressUnreal/Fortress/Fortress/Content/StarterContent/Textures/T_CobbleStone_Smooth_M.uasset"
[2017.07.08-09.56.45:124][  0]LogPackFactory: Copied "../../../Samples/StarterContent/Content/StarterContent/Textures/T_CobbleStone_Smooth_N.uasset" to "../../../../../../Users/miles/Documents/FortressUnreal/Fortress/Fortress/Content/StarterContent/Textures/T_CobbleStone_Smooth_N.uasset"
[2017.07.08-09.56.45:159][  0]LogPackFactory: Copied "../../../Samples/StarterContent/Content/StarterContent/Textures/T_Concrete_Grime_D.uasset" to "../../../../../../Users/miles/Documents/FortressUnreal/Fortress/Fortress/Content/StarterContent/Textures/T_Concrete_Grime_D.uasset"
[2017.07.08-09.56.45:188][  0]LogPackFactory: Copied "../../../Samples/StarterContent/Content/StarterContent/Textures/T_Concrete_Panels_D.uasset" to "../../../../../../Users/miles/Documents/FortressUnreal/Fortress/Fortress/Content/StarterContent/Textures/T_Concrete_Panels_D.uasset"
[2017.07.08-09.56.45:212][  0]LogPackFactory: Copied "../../../Samples/StarterContent/Content/StarterContent/Textures/T_Concrete_Panels_N.uasset" to "../../../../../../Users/miles/Documents/FortressUnreal/Fortress/Fortress/Content/StarterContent/Textures/T_Concrete_Panels_N.uasset"
[2017.07.08-09.56.45:250][  0]LogPackFactory: Copied "../../../Samples/StarterContent/Content/StarterContent/Textures/T_Concrete_Poured_D.uasset" to "../../../../../../Users/miles/Documents/FortressUnreal/Fortress/Fortress/Content/StarterContent/Textures/T_Concrete_Poured_D.uasset"
[2017.07.08-09.56.45:276][  0]LogPackFactory: Copied "../../../Samples/StarterContent/Content/StarterContent/Textures/T_Concrete_Poured_N.uasset" to "../../../../../../Users/miles/Documents/FortressUnreal/Fortress/Fortress/Content/StarterContent/Textures/T_Concrete_Poured_N.uasset"
[2017.07.08-09.56.45:296][  0]LogPackFactory: Copied "../../../Samples/StarterContent/Content/StarterContent/Textures/T_Concrete_Tiles_D.uasset" to "../../../../../../Users/miles/Documents/FortressUnreal/Fortress/Fortress/Content/StarterContent/Textures/T_Concrete_Tiles_D.uasset"
[2017.07.08-09.56.45:318][  0]LogPackFactory: Copied "../../../Samples/StarterContent/Content/StarterContent/Textures/T_Concrete_Tiles_M.uasset" to "../../../../../../Users/miles/Documents/FortressUnreal/Fortress/Fortress/Content/StarterContent/Textures/T_Concrete_Tiles_M.uasset"
[2017.07.08-09.56.45:343][  0]LogPackFactory: Copied "../../../Samples/StarterContent/Content/StarterContent/Textures/T_Concrete_Tiles_N.uasset" to "../../../../../../Users/miles/Documents/FortressUnreal/Fortress/Fortress/Content/StarterContent/Textures/T_Concrete_Tiles_N.uasset"
[2017.07.08-09.56.45:347][  0]LogPackFactory: Copied "../../../Samples/StarterContent/Content/StarterContent/Textures/T_Concrete_Tiles_Variation_M.uasset" to "../../../../../../Users/miles/Documents/FortressUnreal/Fortress/Fortress/Content/StarterContent/Textures/T_Concrete_Tiles_Variation_M.uasset"
[2017.07.08-09.56.45:362][  0]LogPackFactory: Copied "../../../Samples/StarterContent/Content/StarterContent/Textures/T_Detail_Rocky_N.uasset" to "../../../../../../Users/miles/Documents/FortressUnreal/Fortress/Fortress/Content/StarterContent/Textures/T_Detail_Rocky_N.uasset"
[2017.07.08-09.56.45:371][  0]LogPackFactory: Copied "../../../Samples/StarterContent/Content/StarterContent/Textures/T_Door_M.uasset" to "../../../../../../Users/miles/Documents/FortressUnreal/Fortress/Fortress/Content/StarterContent/Textures/T_Door_M.uasset"
[2017.07.08-09.56.45:382][  0]LogPackFactory: Copied "../../../Samples/StarterContent/Content/StarterContent/Textures/T_Door_N.uasset" to "../../../../../../Users/miles/Documents/FortressUnreal/Fortress/Fortress/Content/StarterContent/Textures/T_Door_N.uasset"
[2017.07.08-09.56.45:389][  0]LogPackFactory: Copied "../../../Samples/StarterContent/Content/StarterContent/Textures/T_Dust_Particle_D.uasset" to "../../../../../../Users/miles/Documents/FortressUnreal/Fortress/Fortress/Content/StarterContent/Textures/T_Dust_Particle_D.uasset"
[2017.07.08-09.56.45:404][  0]LogPackFactory: Copied "../../../Samples/StarterContent/Content/StarterContent/Textures/T_Explosion_SubUV.uasset" to "../../../../../../Users/miles/Documents/FortressUnreal/Fortress/Fortress/Content/StarterContent/Textures/T_Explosion_SubUV.uasset"
[2017.07.08-09.56.45:413][  0]LogPackFactory: Copied "../../../Samples/StarterContent/Content/StarterContent/Textures/T_Fire_SubUV.uasset" to "../../../../../../Users/miles/Documents/FortressUnreal/Fortress/Fortress/Content/StarterContent/Textures/T_Fire_SubUV.uasset"
[2017.07.08-09.56.45:423][  0]LogPackFactory: Copied "../../../Samples/StarterContent/Content/StarterContent/Textures/T_Fire_Tiled_D.uasset" to "../../../../../../Users/miles/Documents/FortressUnreal/Fortress/Fortress/Content/StarterContent/Textures/T_Fire_Tiled_D.uasset"
[2017.07.08-09.56.45:432][  0]LogPackFactory: Copied "../../../Samples/StarterContent/Content/StarterContent/Textures/T_Frame_M.uasset" to "../../../../../../Users/miles/Documents/FortressUnreal/Fortress/Fortress/Content/StarterContent/Textures/T_Frame_M.uasset"
[2017.07.08-09.56.45:442][  0]LogPackFactory: Copied "../../../Samples/StarterContent/Content/StarterContent/Textures/T_Frame_N.uasset" to "../../../../../../Users/miles/Documents/FortressUnreal/Fortress/Fortress/Content/StarterContent/Textures/T_Frame_N.uasset"
[2017.07.08-09.56.45:447][  0]LogPackFactory: Copied "../../../Samples/StarterContent/Content/StarterContent/Textures/T_Gradinet_01.uasset" to "../../../../../../Users/miles/Documents/FortressUnreal/Fortress/Fortress/Content/StarterContent/Textures/T_Gradinet_01.uasset"
[2017.07.08-09.56.45:485][  0]LogPackFactory: Copied "../../../Samples/StarterContent/Content/StarterContent/Textures/T_Ground_Grass_D.uasset" to "../../../../../../Users/miles/Documents/FortressUnreal/Fortress/Fortress/Content/StarterContent/Textures/T_Ground_Grass_D.uasset"
[2017.07.08-09.56.45:522][  0]LogPackFactory: Copied "../../../Samples/StarterContent/Content/StarterContent/Textures/T_Ground_Grass_N.uasset" to "../../../../../../Users/miles/Documents/FortressUnreal/Fortress/Fortress/Content/StarterContent/Textures/T_Ground_Grass_N.uasset"
[2017.07.08-09.56.45:560][  0]LogPackFactory: Copied "../../../Samples/StarterContent/Content/StarterContent/Textures/T_Ground_Gravel_D.uasset" to "../../../../../../Users/miles/Documents/FortressUnreal/Fortress/Fortress/Content/StarterContent/Textures/T_Ground_Gravel_D.uasset"
[2017.07.08-09.56.45:587][  0]LogPackFactory: Copied "../../../Samples/StarterContent/Content/StarterContent/Textures/T_Ground_Gravel_N.uasset" to "../../../../../../Users/miles/Documents/FortressUnreal/Fortress/Fortress/Content/StarterContent/Textures/T_Ground_Gravel_N.uasset"
[2017.07.08-09.56.45:626][  0]LogPackFactory: Copied "../../../Samples/StarterContent/Content/StarterContent/Textures/T_ground_Moss_D.uasset" to "../../../../../../Users/miles/Documents/FortressUnreal/Fortress/Fortress/Content/StarterContent/Textures/T_ground_Moss_D.uasset"
[2017.07.08-09.56.45:655][  0]LogPackFactory: Copied "../../../Samples/StarterContent/Content/StarterContent/Textures/T_Ground_Moss_N.uasset" to "../../../../../../Users/miles/Documents/FortressUnreal/Fortress/Fortress/Content/StarterContent/Textures/T_Ground_Moss_N.uasset"
[2017.07.08-09.56.45:664][  0]LogPackFactory: Copied "../../../Samples/StarterContent/Content/StarterContent/Textures/T_Lamp_M.uasset" to "../../../../../../Users/miles/Documents/FortressUnreal/Fortress/Fortress/Content/StarterContent/Textures/T_Lamp_M.uasset"
[2017.07.08-09.56.45:677][  0]LogPackFactory: Copied "../../../Samples/StarterContent/Content/StarterContent/Textures/T_Lamp_N.uasset" to "../../../../../../Users/miles/Documents/FortressUnreal/Fortress/Fortress/Content/StarterContent/Textures/T_Lamp_N.uasset"
[2017.07.08-09.56.45:711][  0]LogPackFactory: Copied "../../../Samples/StarterContent/Content/StarterContent/Textures/T_MacroVariation.uasset" to "../../../../../../Users/miles/Documents/FortressUnreal/Fortress/Fortress/Content/StarterContent/Textures/T_MacroVariation.uasset"
[2017.07.08-09.56.45:744][  0]LogPackFactory: Copied "../../../Samples/StarterContent/Content/StarterContent/Textures/T_Metal_Aluminum_D.uasset" to "../../../../../../Users/miles/Documents/FortressUnreal/Fortress/Fortress/Content/StarterContent/Textures/T_Metal_Aluminum_D.uasset"
[2017.07.08-09.56.45:773][  0]LogPackFactory: Copied "../../../Samples/StarterContent/Content/StarterContent/Textures/T_Metal_Copper_D.uasset" to "../../../../../../Users/miles/Documents/FortressUnreal/Fortress/Fortress/Content/StarterContent/Textures/T_Metal_Copper_D.uasset"
[2017.07.08-09.56.45:803][  0]LogPackFactory: Copied "../../../Samples/StarterContent/Content/StarterContent/Textures/T_Metal_Gold_D.uasset" to "../../../../../../Users/miles/Documents/FortressUnreal/Fortress/Fortress/Content/StarterContent/Textures/T_Metal_Gold_D.uasset"
[2017.07.08-09.56.45:818][  0]LogPackFactory: Copied "../../../Samples/StarterContent/Content/StarterContent/Textures/T_Metal_Gold_N.uasset" to "../../../../../../Users/miles/Documents/FortressUnreal/Fortress/Fortress/Content/StarterContent/Textures/T_Metal_Gold_N.uasset"
[2017.07.08-09.56.45:849][  0]LogPackFactory: Copied "../../../Samples/StarterContent/Content/StarterContent/Textures/T_Metal_Rust_D.uasset" to "../../../../../../Users/miles/Documents/FortressUnreal/Fortress/Fortress/Content/StarterContent/Textures/T_Metal_Rust_D.uasset"
[2017.07.08-09.56.45:876][  0]LogPackFactory: Copied "../../../Samples/StarterContent/Content/StarterContent/Textures/T_Metal_Rust_N.uasset" to "../../../../../../Users/miles/Documents/FortressUnreal/Fortress/Fortress/Content/StarterContent/Textures/T_Metal_Rust_N.uasset"
[2017.07.08-09.56.45:892][  0]LogPackFactory: Copied "../../../Samples/StarterContent/Content/StarterContent/Textures/T_Metal_Steel_D.uasset" to "../../../../../../Users/miles/Documents/FortressUnreal/Fortress/Fortress/Content/StarterContent/Textures/T_Metal_Steel_D.uasset"
[2017.07.08-09.56.45:912][  0]LogPackFactory: Copied "../../../Samples/StarterContent/Content/StarterContent/Textures/T_Metal_Steel_N.uasset" to "../../../../../../Users/miles/Documents/FortressUnreal/Fortress/Fortress/Content/StarterContent/Textures/T_Metal_Steel_N.uasset"
[2017.07.08-09.56.45:941][  0]LogPackFactory: Copied "../../../Samples/StarterContent/Content/StarterContent/Textures/T_Perlin_Noise_M.uasset" to "../../../../../../Users/miles/Documents/FortressUnreal/Fortress/Fortress/Content/StarterContent/Textures/T_Perlin_Noise_M.uasset"
[2017.07.08-09.56.45:985][  0]LogPackFactory: Copied "../../../Samples/StarterContent/Content/StarterContent/Textures/T_RockMesh_M.uasset" to "../../../../../../Users/miles/Documents/FortressUnreal/Fortress/Fortress/Content/StarterContent/Textures/T_RockMesh_M.uasset"
[2017.07.08-09.56.46:013][  0]LogPackFactory: Copied "../../../Samples/StarterContent/Content/StarterContent/Textures/T_RockMesh_N.uasset" to "../../../../../../Users/miles/Documents/FortressUnreal/Fortress/Fortress/Content/StarterContent/Textures/T_RockMesh_N.uasset"
[2017.07.08-09.56.46:058][  0]LogPackFactory: Copied "../../../Samples/StarterContent/Content/StarterContent/Textures/T_Rock_Basalt_D.uasset" to "../../../../../../Users/miles/Documents/FortressUnreal/Fortress/Fortress/Content/StarterContent/Textures/T_Rock_Basalt_D.uasset"
[2017.07.08-09.56.46:105][  0]LogPackFactory: Copied "../../../Samples/StarterContent/Content/StarterContent/Textures/T_Rock_Basalt_N.uasset" to "../../../../../../Users/miles/Documents/FortressUnreal/Fortress/Fortress/Content/StarterContent/Textures/T_Rock_Basalt_N.uasset"
[2017.07.08-09.56.46:144][  0]LogPackFactory: Copied "../../../Samples/StarterContent/Content/StarterContent/Textures/T_Rock_Marble_Polished_D.uasset" to "../../../../../../Users/miles/Documents/FortressUnreal/Fortress/Fortress/Content/StarterContent/Textures/T_Rock_Marble_Polished_D.uasset"
[2017.07.08-09.56.46:187][  0]LogPackFactory: Copied "../../../Samples/StarterContent/Content/StarterContent/Textures/T_Rock_Sandstone_D.uasset" to "../../../../../../Users/miles/Documents/FortressUnreal/Fortress/Fortress/Content/StarterContent/Textures/T_Rock_Sandstone_D.uasset"
[2017.07.08-09.56.46:216][  0]LogPackFactory: Copied "../../../Samples/StarterContent/Content/StarterContent/Textures/T_Rock_Sandstone_N.uasset" to "../../../../../../Users/miles/Documents/FortressUnreal/Fortress/Fortress/Content/StarterContent/Textures/T_Rock_Sandstone_N.uasset"
[2017.07.08-09.56.46:256][  0]LogPackFactory: Copied "../../../Samples/StarterContent/Content/StarterContent/Textures/T_Rock_Slate_D.uasset" to "../../../../../../Users/miles/Documents/FortressUnreal/Fortress/Fortress/Content/StarterContent/Textures/T_Rock_Slate_D.uasset"
[2017.07.08-09.56.46:288][  0]LogPackFactory: Copied "../../../Samples/StarterContent/Content/StarterContent/Textures/T_Rock_Slate_N.uasset" to "../../../../../../Users/miles/Documents/FortressUnreal/Fortress/Fortress/Content/StarterContent/Textures/T_Rock_Slate_N.uasset"
[2017.07.08-09.56.46:317][  0]LogPackFactory: Copied "../../../Samples/StarterContent/Content/StarterContent/Textures/T_Rock_Smooth_Granite_D.uasset" to "../../../../../../Users/miles/Documents/FortressUnreal/Fortress/Fortress/Content/StarterContent/Textures/T_Rock_Smooth_Granite_D.uasset"
[2017.07.08-09.56.46:326][  0]LogPackFactory: Copied "../../../Samples/StarterContent/Content/StarterContent/Textures/T_Shelf_M.uasset" to "../../../../../../Users/miles/Documents/FortressUnreal/Fortress/Fortress/Content/StarterContent/Textures/T_Shelf_M.uasset"
[2017.07.08-09.56.46:338][  0]LogPackFactory: Copied "../../../Samples/StarterContent/Content/StarterContent/Textures/T_Shelf_N.uasset" to "../../../../../../Users/miles/Documents/FortressUnreal/Fortress/Fortress/Content/StarterContent/Textures/T_Shelf_N.uasset"
[2017.07.08-09.56.46:343][  0]LogPackFactory: Copied "../../../Samples/StarterContent/Content/StarterContent/Textures/T_Single_Tile_N.uasset" to "../../../../../../Users/miles/Documents/FortressUnreal/Fortress/Fortress/Content/StarterContent/Textures/T_Single_Tile_N.uasset"
[2017.07.08-09.56.46:357][  0]LogPackFactory: Copied "../../../Samples/StarterContent/Content/StarterContent/Textures/T_Smoke_SubUV.uasset" to "../../../../../../Users/miles/Documents/FortressUnreal/Fortress/Fortress/Content/StarterContent/Textures/T_Smoke_SubUV.uasset"
[2017.07.08-09.56.46:365][  0]LogPackFactory: Copied "../../../Samples/StarterContent/Content/StarterContent/Textures/T_Smoke_Tiled_D.uasset" to "../../../../../../Users/miles/Documents/FortressUnreal/Fortress/Fortress/Content/StarterContent/Textures/T_Smoke_Tiled_D.uasset"
[2017.07.08-09.56.46:374][  0]LogPackFactory: Copied "../../../Samples/StarterContent/Content/StarterContent/Textures/T_Spark_Core.uasset" to "../../../../../../Users/miles/Documents/FortressUnreal/Fortress/Fortress/Content/StarterContent/Textures/T_Spark_Core.uasset"
[2017.07.08-09.56.46:383][  0]LogPackFactory: Copied "../../../Samples/StarterContent/Content/StarterContent/Textures/T_Statue_M.uasset" to "../../../../../../Users/miles/Documents/FortressUnreal/Fortress/Fortress/Content/StarterContent/Textures/T_Statue_M.uasset"
[2017.07.08-09.56.46:391][  0]LogPackFactory: Copied "../../../Samples/StarterContent/Content/StarterContent/Textures/T_Statue_N.uasset" to "../../../../../../Users/miles/Documents/FortressUnreal/Fortress/Fortress/Content/StarterContent/Textures/T_Statue_N.uasset"
[2017.07.08-09.56.46:401][  0]LogPackFactory: Copied "../../../Samples/StarterContent/Content/StarterContent/Textures/T_TableRound_M.uasset" to "../../../../../../Users/miles/Documents/FortressUnreal/Fortress/Fortress/Content/StarterContent/Textures/T_TableRound_M.uasset"
[2017.07.08-09.56.46:412][  0]LogPackFactory: Copied "../../../Samples/StarterContent/Content/StarterContent/Textures/T_TableRound_N.uasset" to "../../../../../../Users/miles/Documents/FortressUnreal/Fortress/Fortress/Content/StarterContent/Textures/T_TableRound_N.uasset"
[2017.07.08-09.56.46:420][  0]LogPackFactory: Copied "../../../Samples/StarterContent/Content/StarterContent/Textures/T_Tech_Dot_M.uasset" to "../../../../../../Users/miles/Documents/FortressUnreal/Fortress/Fortress/Content/StarterContent/Textures/T_Tech_Dot_M.uasset"
[2017.07.08-09.56.46:429][  0]LogPackFactory: Copied "../../../Samples/StarterContent/Content/StarterContent/Textures/T_Tech_Dot_N.uasset" to "../../../../../../Users/miles/Documents/FortressUnreal/Fortress/Fortress/Content/StarterContent/Textures/T_Tech_Dot_N.uasset"
[2017.07.08-09.56.46:439][  0]LogPackFactory: Copied "../../../Samples/StarterContent/Content/StarterContent/Textures/T_Tech_Hex_Tile_M.uasset" to "../../../../../../Users/miles/Documents/FortressUnreal/Fortress/Fortress/Content/StarterContent/Textures/T_Tech_Hex_Tile_M.uasset"
[2017.07.08-09.56.46:447][  0]LogPackFactory: Copied "../../../Samples/StarterContent/Content/StarterContent/Textures/T_Tech_Hex_Tile_N.uasset" to "../../../../../../Users/miles/Documents/FortressUnreal/Fortress/Fortress/Content/StarterContent/Textures/T_Tech_Hex_Tile_N.uasset"
[2017.07.08-09.56.46:458][  0]LogPackFactory: Copied "../../../Samples/StarterContent/Content/StarterContent/Textures/T_Tech_Panel_M.uasset" to "../../../../../../Users/miles/Documents/FortressUnreal/Fortress/Fortress/Content/StarterContent/Textures/T_Tech_Panel_M.uasset"
[2017.07.08-09.56.46:471][  0]LogPackFactory: Copied "../../../Samples/StarterContent/Content/StarterContent/Textures/T_Tech_Panel_N.uasset" to "../../../../../../Users/miles/Documents/FortressUnreal/Fortress/Fortress/Content/StarterContent/Textures/T_Tech_Panel_N.uasset"
[2017.07.08-09.56.46:484][  0]LogPackFactory: Copied "../../../Samples/StarterContent/Content/StarterContent/Textures/T_Water_M.uasset" to "../../../../../../Users/miles/Documents/FortressUnreal/Fortress/Fortress/Content/StarterContent/Textures/T_Water_M.uasset"
[2017.07.08-09.56.46:497][  0]LogPackFactory: Copied "../../../Samples/StarterContent/Content/StarterContent/Textures/T_Water_N.uasset" to "../../../../../../Users/miles/Documents/FortressUnreal/Fortress/Fortress/Content/StarterContent/Textures/T_Water_N.uasset"
[2017.07.08-09.56.46:516][  0]LogPackFactory: Copied "../../../Samples/StarterContent/Content/StarterContent/Textures/T_Wood_Floor_Walnut_D.uasset" to "../../../../../../Users/miles/Documents/FortressUnreal/Fortress/Fortress/Content/StarterContent/Textures/T_Wood_Floor_Walnut_D.uasset"
[2017.07.08-09.56.46:535][  0]LogPackFactory: Copied "../../../Samples/StarterContent/Content/StarterContent/Textures/T_Wood_Floor_Walnut_M.uasset" to "../../../../../../Users/miles/Documents/FortressUnreal/Fortress/Fortress/Content/StarterContent/Textures/T_Wood_Floor_Walnut_M.uasset"
[2017.07.08-09.56.46:550][  0]LogPackFactory: Copied "../../../Samples/StarterContent/Content/StarterContent/Textures/T_Wood_Floor_Walnut_N.uasset" to "../../../../../../Users/miles/Documents/FortressUnreal/Fortress/Fortress/Content/StarterContent/Textures/T_Wood_Floor_Walnut_N.uasset"
[2017.07.08-09.56.46:575][  0]LogPackFactory: Copied "../../../Samples/StarterContent/Content/StarterContent/Textures/T_Wood_Oak_D.uasset" to "../../../../../../Users/miles/Documents/FortressUnreal/Fortress/Fortress/Content/StarterContent/Textures/T_Wood_Oak_D.uasset"
[2017.07.08-09.56.46:598][  0]LogPackFactory: Copied "../../../Samples/StarterContent/Content/StarterContent/Textures/T_Wood_Oak_N.uasset" to "../../../../../../Users/miles/Documents/FortressUnreal/Fortress/Fortress/Content/StarterContent/Textures/T_Wood_Oak_N.uasset"
[2017.07.08-09.56.46:631][  0]LogPackFactory: Copied "../../../Samples/StarterContent/Content/StarterContent/Textures/T_Wood_Pine_D.uasset" to "../../../../../../Users/miles/Documents/FortressUnreal/Fortress/Fortress/Content/StarterContent/Textures/T_Wood_Pine_D.uasset"
[2017.07.08-09.56.46:647][  0]LogPackFactory: Copied "../../../Samples/StarterContent/Content/StarterContent/Textures/T_Wood_Pine_N.uasset" to "../../../../../../Users/miles/Documents/FortressUnreal/Fortress/Fortress/Content/StarterContent/Textures/T_Wood_Pine_N.uasset"
[2017.07.08-09.56.46:672][  0]LogPackFactory: Copied "../../../Samples/StarterContent/Content/StarterContent/Textures/T_Wood_Walnut_D.uasset" to "../../../../../../Users/miles/Documents/FortressUnreal/Fortress/Fortress/Content/StarterContent/Textures/T_Wood_Walnut_D.uasset"
[2017.07.08-09.56.46:689][  0]LogPackFactory: Copied "../../../Samples/StarterContent/Content/StarterContent/Textures/T_Wood_Walnut_N.uasset" to "../../../../../../Users/miles/Documents/FortressUnreal/Fortress/Fortress/Content/StarterContent/Textures/T_Wood_Walnut_N.uasset"
[2017.07.08-09.56.46:704][  0]LogStaticMesh: Building static mesh Floor_400x400...
[2017.07.08-09.56.46:706][  0]LogStaticMesh: Built static mesh [0.00s] /Game/StarterContent/Architecture/Floor_400x400.Floor_400x400
[2017.07.08-09.56.46:779][  0]LogRenderer: Reallocating scene render targets to support 256x256 NumSamples 1 (Frame:1).
[2017.07.08-09.56.46:933][  0]LogSavePackage: Save=14.55ms
[2017.07.08-09.56.46:933][  0]LogSavePackage: Moving '../../../../../../Users/miles/Documents/FortressUnreal/Fortress/Fortress/Saved/Floor_400x4002130FD2843BE8ECC5360408E7AE0AE40.tmp' to '../../../../../../Users/miles/Documents/FortressUnreal/Fortress/Fortress/Content/StarterContent/Architecture/Floor_400x400.uasset'
[2017.07.08-09.56.46:938][  0]LogSavePackage:Display: Finished SavePackage ../../../../../../Users/miles/Documents/FortressUnreal/Fortress/Fortress/Content/StarterContent/Architecture/Floor_400x400.uasset
[2017.07.08-09.56.46:938][  0]LogFeaturePack:Warning: Inserted 1 feature packs
[2017.07.08-09.56.46:943][  0]Cmd: MAP LOAD FILE="../../../../../../Users/miles/Documents/FortressUnreal/Fortress/Fortress/Content/TopDownBP/Maps/TopDownExampleMap.umap" TEMPLATE=0 SHOWPROGRESS=1 FEATURELEVEL=3
[2017.07.08-09.56.46:944][  0]LightingResults: New page: Lighting Build
[2017.07.08-09.56.46:985][  0]MapCheck: New page: Map Check
[2017.07.08-09.56.46:985][  0]LightingResults: New page: Lighting Build
[2017.07.08-09.56.47:577][  0]LogAIModule: Creating AISystem for world TopDownExampleMap
[2017.07.08-09.56.47:594][  0]LogEditorServer: Finished looking for orphan Actors (0.000 secs)
[2017.07.08-09.56.47:611][  0]Cmd: MAP CHECKDEP NOCLEARLOG
[2017.07.08-09.56.47:665][  0]MapCheck: Info Map check complete: 0 Error(s), 0 Warning(s), took 54.081ms to complete.
[2017.07.08-09.56.47:665][  0]LogFileHelpers: Loading map 'TopDownExampleMap' took 0.722
[2017.07.08-09.56.47:722][  0]LogWindowsTextInputMethodSystem:Display: IME system now deactivated.
[2017.07.08-09.56.47:831][  0]LogCollectionManager: Loaded 0 collections in 0.001329 seconds
[2017.07.08-09.56.47:922][  0]LogFileCache: Scanning file cache for directory 'C:/Users/miles/Documents/FortressUnreal/Fortress/Fortress/Saved/Collections/' took 0.01s
[2017.07.08-09.56.47:922][  0]LogFileCache: Scanning file cache for directory 'C:/Users/miles/Documents/FortressUnreal/Fortress/Fortress/Content/Developers/miles/Collections/' took 0.01s
[2017.07.08-09.56.47:922][  0]LogFileCache: Scanning file cache for directory 'C:/Users/miles/Documents/FortressUnreal/Fortress/Fortress/Content/Collections/' took 0.01s
[2017.07.08-09.56.47:922][  0]LogCollectionManager: Rebuilt the GUID cache for 0 collections in 0.000002 seconds
[2017.07.08-09.56.47:933][  0]LogContentBrowser: Native class hierarchy populated in 0.0097 seconds. Added 2329 classes and 491 folders.
[2017.07.08-09.56.48:000][  0]LogContentBrowser: Native class hierarchy updated for 'WidgetCarousel' in 0.0005 seconds. Added 0 classes and 0 folders.
[2017.07.08-09.56.48:036][  0]LogContentBrowser: Native class hierarchy updated for 'AddContentDialog' in 0.0006 seconds. Added 0 classes and 0 folders.
[2017.07.08-09.56.48:086][  0]LogContentBrowser: Native class hierarchy updated for 'SceneOutliner' in 0.0006 seconds. Added 1 classes and 2 folders.
[2017.07.08-09.56.48:153][  0]LogCrashTracker: Crashtracker disabled due to settings.
[2017.07.08-09.56.48:159][  0]LogSlate: Took 0.000183 seconds to synchronously load lazily loaded font '../../../Engine/Content/Slate/Fonts/Roboto-Regular.ttf' (155K)
[2017.07.08-09.56.48:161][  0]LogSlate: Took 0.000198 seconds to synchronously load lazily loaded font '../../../Engine/Content/Slate/Fonts/Roboto-Bold.ttf' (160K)
[2017.07.08-09.56.48:175][  0]LogSlate: Took 0.007510 seconds to synchronously load lazily loaded font '../../../Engine/Content/Editor/Slate/Fonts/FontAwesome.ttf' (139K)
[2017.07.08-09.56.48:242][  0]LogRenderer: Reallocating scene render targets to support 1208x576 NumSamples 1 (Frame:1).
[2017.07.08-09.56.48:291][  0]LogSlate: Took 0.000219 seconds to synchronously load lazily loaded font '../../../Engine/Content/Slate/Fonts/Roboto-Light.ttf' (159K)
[2017.07.08-09.56.48:486][  0]LogContentBrowser: Native class hierarchy updated for 'HierarchicalLODOutliner' in 0.0008 seconds. Added 1 classes and 2 folders.
[2017.07.08-09.56.48:486][  0]LogLoad: (Engine Initialization) Total time: 22.56 seconds
[2017.07.08-09.56.48:486][  0]LogLoad: (Engine Initialization) Total Blueprint compile time: 0.16 seconds
[2017.07.08-09.56.48:486][  0]LogExternalProfiler: No external profilers were discovered.  External profiling features will not be available.
[2017.07.08-09.56.48:496][  0]LogOcInput: OculusInput pre-init called
[2017.07.08-09.56.48:496][  0]LogHMD: Starting GearVRController plugin
[2017.07.08-09.56.48:517][  0]LogAssetRegistry: Asset discovery search completed in 14.4843 seconds
[2017.07.08-09.56.48:519][  0]LogCollectionManager: Rebuilt the object cache for 0 collections in 0.000001 seconds (found 0 objects)
[2017.07.08-09.56.48:519][  0]LogCollectionManager: Fixed up redirectors for 0 collections in 0.000030 seconds (updated 0 objects)
[2017.07.08-09.56.48:523][  0]LogContentStreaming: Texture pool size now 1000 MB
